{"/Users/hoang-giangvo/Projects/EIP/Front-End-Mobile/src/components/ChangePWD.tsx": {"path":"/Users/hoang-giangvo/Projects/EIP/Front-End-Mobile/src/components/ChangePWD.tsx","statementMap":{"0":{"start":{"line":16,"column":34},"end":{"line":67,"column":1}},"1":{"start":{"line":18,"column":20},"end":{"line":18,"column":47}},"2":{"start":{"line":20,"column":25},"end":{"line":20,"column":56}},"3":{"start":{"line":21,"column":24},"end":{"line":21,"column":54}},"4":{"start":{"line":23,"column":4},"end":{"line":66,"column":5}},"5":{"start":{"line":31,"column":41},"end":{"line":31,"column":59}},"6":{"start":{"line":31,"column":60},"end":{"line":31,"column":79}},"7":{"start":{"line":45,"column":41},"end":{"line":45,"column":66}},"8":{"start":{"line":56,"column":32},"end":{"line":56,"column":50}}},"fnMap":{"0":{"name":"(anonymous_0)","decl":{"start":{"line":16,"column":34},"end":{"line":16,"column":35}},"loc":{"start":{"line":16,"column":171},"end":{"line":67,"column":1}},"line":16},"1":{"name":"(anonymous_1)","decl":{"start":{"line":31,"column":30},"end":{"line":31,"column":31}},"loc":{"start":{"line":31,"column":40},"end":{"line":31,"column":80}},"line":31},"2":{"name":"(anonymous_2)","decl":{"start":{"line":45,"column":30},"end":{"line":45,"column":31}},"loc":{"start":{"line":45,"column":40},"end":{"line":45,"column":67}},"line":45},"3":{"name":"(anonymous_3)","decl":{"start":{"line":56,"column":25},"end":{"line":56,"column":26}},"loc":{"start":{"line":56,"column":31},"end":{"line":56,"column":51}},"line":56}},"branchMap":{"0":{"loc":{"start":{"line":18,"column":20},"end":{"line":18,"column":47}},"type":"cond-expr","locations":[{"start":{"line":18,"column":32},"end":{"line":18,"column":38}},{"start":{"line":18,"column":41},"end":{"line":18,"column":47}}],"line":18},"1":{"loc":{"start":{"line":38,"column":17},"end":{"line":38,"column":54}},"type":"cond-expr","locations":[{"start":{"line":38,"column":33},"end":{"line":38,"column":49}},{"start":{"line":38,"column":52},"end":{"line":38,"column":54}}],"line":38}},"s":{"0":1,"1":1,"2":1,"3":1,"4":1,"5":0,"6":0,"7":0,"8":0},"f":{"0":1,"1":0,"2":0,"3":0},"b":{"0":[0,1],"1":[0,1]},"_coverageSchema":"1a1c01bbd47fc00a2c39e90264f33305004495a9","hash":"4413cf042da1bdc8d9466ae55fe124945d9b372a"}
,"/Users/hoang-giangvo/Projects/EIP/Front-End-Mobile/src/components/ConfirmRoute.tsx": {"path":"/Users/hoang-giangvo/Projects/EIP/Front-End-Mobile/src/components/ConfirmRoute.tsx","statementMap":{"0":{"start":{"line":24,"column":37},"end":{"line":238,"column":1}},"1":{"start":{"line":37,"column":4},"end":{"line":237,"column":5}},"2":{"start":{"line":68,"column":28},"end":{"line":68,"column":42}},"3":{"start":{"line":108,"column":36},"end":{"line":108,"column":58}},"4":{"start":{"line":130,"column":36},"end":{"line":130,"column":63}},"5":{"start":{"line":153,"column":36},"end":{"line":153,"column":56}},"6":{"start":{"line":168,"column":36},"end":{"line":168,"column":54}},"7":{"start":{"line":226,"column":36},"end":{"line":226,"column":54}},"8":{"start":{"line":240,"column":14},"end":{"line":268,"column":2}}},"fnMap":{"0":{"name":"(anonymous_0)","decl":{"start":{"line":24,"column":37},"end":{"line":24,"column":38}},"loc":{"start":{"line":35,"column":26},"end":{"line":238,"column":1}},"line":35},"1":{"name":"(anonymous_1)","decl":{"start":{"line":67,"column":33},"end":{"line":67,"column":34}},"loc":{"start":{"line":67,"column":39},"end":{"line":69,"column":25}},"line":67},"2":{"name":"(anonymous_2)","decl":{"start":{"line":107,"column":41},"end":{"line":107,"column":42}},"loc":{"start":{"line":107,"column":47},"end":{"line":109,"column":33}},"line":107},"3":{"name":"(anonymous_3)","decl":{"start":{"line":129,"column":41},"end":{"line":129,"column":42}},"loc":{"start":{"line":129,"column":47},"end":{"line":131,"column":33}},"line":129},"4":{"name":"(anonymous_4)","decl":{"start":{"line":152,"column":41},"end":{"line":152,"column":42}},"loc":{"start":{"line":152,"column":47},"end":{"line":154,"column":33}},"line":152},"5":{"name":"(anonymous_5)","decl":{"start":{"line":167,"column":41},"end":{"line":167,"column":42}},"loc":{"start":{"line":167,"column":47},"end":{"line":169,"column":33}},"line":167},"6":{"name":"(anonymous_6)","decl":{"start":{"line":225,"column":41},"end":{"line":225,"column":42}},"loc":{"start":{"line":225,"column":47},"end":{"line":227,"column":33}},"line":225}},"branchMap":{},"s":{"0":1,"1":0,"2":0,"3":0,"4":0,"5":0,"6":0,"7":0,"8":1},"f":{"0":0,"1":0,"2":0,"3":0,"4":0,"5":0,"6":0},"b":{},"_coverageSchema":"1a1c01bbd47fc00a2c39e90264f33305004495a9","hash":"e765dda22d08638d61a7d4d7de60c9d408f26666"}
,"/Users/hoang-giangvo/Projects/EIP/Front-End-Mobile/src/components/ForgotPWD.tsx": {"path":"/Users/hoang-giangvo/Projects/EIP/Front-End-Mobile/src/components/ForgotPWD.tsx","statementMap":{"0":{"start":{"line":14,"column":34},"end":{"line":55,"column":1}},"1":{"start":{"line":16,"column":20},"end":{"line":16,"column":47}},"2":{"start":{"line":18,"column":25},"end":{"line":18,"column":56}},"3":{"start":{"line":19,"column":24},"end":{"line":19,"column":54}},"4":{"start":{"line":21,"column":4},"end":{"line":54,"column":5}},"5":{"start":{"line":31,"column":41},"end":{"line":31,"column":56}},"6":{"start":{"line":31,"column":57},"end":{"line":31,"column":73}},"7":{"start":{"line":44,"column":32},"end":{"line":44,"column":47}}},"fnMap":{"0":{"name":"(anonymous_0)","decl":{"start":{"line":14,"column":34},"end":{"line":14,"column":35}},"loc":{"start":{"line":14,"column":122},"end":{"line":55,"column":1}},"line":14},"1":{"name":"(anonymous_1)","decl":{"start":{"line":31,"column":30},"end":{"line":31,"column":31}},"loc":{"start":{"line":31,"column":40},"end":{"line":31,"column":74}},"line":31},"2":{"name":"(anonymous_2)","decl":{"start":{"line":44,"column":25},"end":{"line":44,"column":26}},"loc":{"start":{"line":44,"column":31},"end":{"line":44,"column":48}},"line":44}},"branchMap":{"0":{"loc":{"start":{"line":16,"column":20},"end":{"line":16,"column":47}},"type":"cond-expr","locations":[{"start":{"line":16,"column":32},"end":{"line":16,"column":38}},{"start":{"line":16,"column":41},"end":{"line":16,"column":47}}],"line":16},"1":{"loc":{"start":{"line":37,"column":17},"end":{"line":37,"column":48}},"type":"cond-expr","locations":[{"start":{"line":37,"column":30},"end":{"line":37,"column":43}},{"start":{"line":37,"column":46},"end":{"line":37,"column":48}}],"line":37}},"s":{"0":1,"1":1,"2":1,"3":1,"4":1,"5":0,"6":0,"7":0},"f":{"0":1,"1":0,"2":0},"b":{"0":[0,1],"1":[0,1]},"_coverageSchema":"1a1c01bbd47fc00a2c39e90264f33305004495a9","hash":"c10cef9ad8824c8f38e559dd454e01c00dbc3f9a"}
,"/Users/hoang-giangvo/Projects/EIP/Front-End-Mobile/src/components/Home.tsx": {"path":"/Users/hoang-giangvo/Projects/EIP/Front-End-Mobile/src/components/Home.tsx","statementMap":{"0":{"start":{"line":45,"column":29},"end":{"line":284,"column":1}},"1":{"start":{"line":62,"column":20},"end":{"line":62,"column":46}},"2":{"start":{"line":64,"column":4},"end":{"line":283,"column":5}},"3":{"start":{"line":65,"column":8},"end":{"line":280,"column":9}},"4":{"start":{"line":82,"column":28},"end":{"line":82,"column":49}},"5":{"start":{"line":83,"column":28},"end":{"line":84,"column":115}},"6":{"start":{"line":84,"column":32},"end":{"line":84,"column":115}},"7":{"start":{"line":87,"column":28},"end":{"line":87,"column":46}},"8":{"start":{"line":90,"column":28},"end":{"line":90,"column":46}},"9":{"start":{"line":102,"column":32},"end":{"line":108,"column":34}},"10":{"start":{"line":106,"column":52},"end":{"line":106,"column":81}},"11":{"start":{"line":140,"column":36},"end":{"line":144,"column":73}},"12":{"start":{"line":141,"column":40},"end":{"line":141,"column":66}},"13":{"start":{"line":142,"column":40},"end":{"line":142,"column":55}},"14":{"start":{"line":144,"column":40},"end":{"line":144,"column":73}},"15":{"start":{"line":160,"column":36},"end":{"line":163,"column":43}},"16":{"start":{"line":161,"column":40},"end":{"line":163,"column":43}},"17":{"start":{"line":179,"column":36},"end":{"line":179,"column":53}},"18":{"start":{"line":218,"column":40},"end":{"line":218,"column":72}},"19":{"start":{"line":282,"column":8},"end":{"line":282,"column":31}},"20":{"start":{"line":286,"column":17},"end":{"line":303,"column":2}}},"fnMap":{"0":{"name":"(anonymous_0)","decl":{"start":{"line":45,"column":29},"end":{"line":45,"column":30}},"loc":{"start":{"line":60,"column":26},"end":{"line":284,"column":1}},"line":60},"1":{"name":"(anonymous_1)","decl":{"start":{"line":81,"column":36},"end":{"line":81,"column":37}},"loc":{"start":{"line":81,"column":42},"end":{"line":85,"column":25}},"line":81},"2":{"name":"(anonymous_2)","decl":{"start":{"line":86,"column":40},"end":{"line":86,"column":41}},"loc":{"start":{"line":86,"column":46},"end":{"line":88,"column":25}},"line":86},"3":{"name":"(anonymous_3)","decl":{"start":{"line":89,"column":38},"end":{"line":89,"column":39}},"loc":{"start":{"line":89,"column":44},"end":{"line":91,"column":25}},"line":89},"4":{"name":"(anonymous_4)","decl":{"start":{"line":101,"column":93},"end":{"line":101,"column":94}},"loc":{"start":{"line":102,"column":32},"end":{"line":108,"column":34}},"line":102},"5":{"name":"(anonymous_5)","decl":{"start":{"line":106,"column":45},"end":{"line":106,"column":46}},"loc":{"start":{"line":106,"column":51},"end":{"line":106,"column":82}},"line":106},"6":{"name":"(anonymous_6)","decl":{"start":{"line":139,"column":41},"end":{"line":139,"column":42}},"loc":{"start":{"line":139,"column":47},"end":{"line":145,"column":33}},"line":139},"7":{"name":"(anonymous_7)","decl":{"start":{"line":159,"column":41},"end":{"line":159,"column":42}},"loc":{"start":{"line":159,"column":47},"end":{"line":164,"column":33}},"line":159},"8":{"name":"(anonymous_8)","decl":{"start":{"line":178,"column":41},"end":{"line":178,"column":42}},"loc":{"start":{"line":178,"column":47},"end":{"line":180,"column":33}},"line":178},"9":{"name":"(anonymous_9)","decl":{"start":{"line":217,"column":45},"end":{"line":217,"column":46}},"loc":{"start":{"line":217,"column":51},"end":{"line":219,"column":37}},"line":217}},"branchMap":{"0":{"loc":{"start":{"line":64,"column":4},"end":{"line":283,"column":5}},"type":"if","locations":[{"start":{"line":64,"column":4},"end":{"line":283,"column":5}},{"start":{"line":64,"column":4},"end":{"line":283,"column":5}}],"line":64},"1":{"loc":{"start":{"line":64,"column":8},"end":{"line":64,"column":41}},"type":"binary-expr","locations":[{"start":{"line":64,"column":8},"end":{"line":64,"column":22}},{"start":{"line":64,"column":26},"end":{"line":64,"column":41}}],"line":64},"2":{"loc":{"start":{"line":83,"column":28},"end":{"line":84,"column":115}},"type":"if","locations":[{"start":{"line":83,"column":28},"end":{"line":84,"column":115}},{"start":{"line":83,"column":28},"end":{"line":84,"column":115}}],"line":83},"3":{"loc":{"start":{"line":83,"column":32},"end":{"line":83,"column":58}},"type":"binary-expr","locations":[{"start":{"line":83,"column":32},"end":{"line":83,"column":39}},{"start":{"line":83,"column":43},"end":{"line":83,"column":58}}],"line":83},"4":{"loc":{"start":{"line":93,"column":25},"end":{"line":100,"column":25}},"type":"binary-expr","locations":[{"start":{"line":93,"column":25},"end":{"line":93,"column":36}},{"start":{"line":94,"column":28},"end":{"line":99,"column":37}}],"line":93},"5":{"loc":{"start":{"line":101,"column":25},"end":{"line":109,"column":33}},"type":"cond-expr","locations":[{"start":{"line":101,"column":78},"end":{"line":109,"column":26}},{"start":{"line":109,"column":29},"end":{"line":109,"column":33}}],"line":101},"6":{"loc":{"start":{"line":101,"column":25},"end":{"line":101,"column":75}},"type":"binary-expr","locations":[{"start":{"line":101,"column":25},"end":{"line":101,"column":36}},{"start":{"line":101,"column":40},"end":{"line":101,"column":50}},{"start":{"line":101,"column":54},"end":{"line":101,"column":75}}],"line":101},"7":{"loc":{"start":{"line":103,"column":70},"end":{"line":103,"column":134}},"type":"cond-expr","locations":[{"start":{"line":103,"column":106},"end":{"line":103,"column":129}},{"start":{"line":103,"column":132},"end":{"line":103,"column":134}}],"line":103},"8":{"loc":{"start":{"line":103,"column":70},"end":{"line":103,"column":103}},"type":"binary-expr","locations":[{"start":{"line":103,"column":70},"end":{"line":103,"column":79}},{"start":{"line":103,"column":83},"end":{"line":103,"column":103}}],"line":103},"9":{"loc":{"start":{"line":103,"column":159},"end":{"line":103,"column":223}},"type":"cond-expr","locations":[{"start":{"line":103,"column":195},"end":{"line":103,"column":218}},{"start":{"line":103,"column":221},"end":{"line":103,"column":223}}],"line":103},"10":{"loc":{"start":{"line":103,"column":159},"end":{"line":103,"column":192}},"type":"binary-expr","locations":[{"start":{"line":103,"column":159},"end":{"line":103,"column":168}},{"start":{"line":103,"column":172},"end":{"line":103,"column":192}}],"line":103},"11":{"loc":{"start":{"line":110,"column":25},"end":{"line":123,"column":32}},"type":"cond-expr","locations":[{"start":{"line":111,"column":28},"end":{"line":122,"column":30}},{"start":{"line":123,"column":28},"end":{"line":123,"column":32}}],"line":110},"12":{"loc":{"start":{"line":110,"column":25},"end":{"line":110,"column":75}},"type":"binary-expr","locations":[{"start":{"line":110,"column":25},"end":{"line":110,"column":36}},{"start":{"line":110,"column":40},"end":{"line":110,"column":75}}],"line":110},"13":{"loc":{"start":{"line":128,"column":21},"end":{"line":185,"column":28}},"type":"cond-expr","locations":[{"start":{"line":129,"column":24},"end":{"line":184,"column":31}},{"start":{"line":185,"column":24},"end":{"line":185,"column":28}}],"line":128},"14":{"loc":{"start":{"line":140,"column":36},"end":{"line":144,"column":73}},"type":"if","locations":[{"start":{"line":140,"column":36},"end":{"line":144,"column":73}},{"start":{"line":140,"column":36},"end":{"line":144,"column":73}}],"line":140},"15":{"loc":{"start":{"line":160,"column":36},"end":{"line":163,"column":43}},"type":"if","locations":[{"start":{"line":160,"column":36},"end":{"line":163,"column":43}},{"start":{"line":160,"column":36},"end":{"line":163,"column":43}}],"line":160},"16":{"loc":{"start":{"line":160,"column":40},"end":{"line":160,"column":66}},"type":"binary-expr","locations":[{"start":{"line":160,"column":40},"end":{"line":160,"column":47}},{"start":{"line":160,"column":51},"end":{"line":160,"column":66}}],"line":160},"17":{"loc":{"start":{"line":189,"column":21},"end":{"line":277,"column":28}},"type":"cond-expr","locations":[{"start":{"line":190,"column":24},"end":{"line":276,"column":27}},{"start":{"line":277,"column":24},"end":{"line":277,"column":28}}],"line":189}},"s":{"0":1,"1":0,"2":0,"3":0,"4":0,"5":0,"6":0,"7":0,"8":0,"9":0,"10":0,"11":0,"12":0,"13":0,"14":0,"15":0,"16":0,"17":0,"18":0,"19":0,"20":1},"f":{"0":0,"1":0,"2":0,"3":0,"4":0,"5":0,"6":0,"7":0,"8":0,"9":0},"b":{"0":[0,0],"1":[0,0],"2":[0,0],"3":[0,0],"4":[0,0],"5":[0,0],"6":[0,0,0],"7":[0,0],"8":[0,0],"9":[0,0],"10":[0,0],"11":[0,0],"12":[0,0],"13":[0,0],"14":[0,0],"15":[0,0],"16":[0,0],"17":[0,0]},"_coverageSchema":"1a1c01bbd47fc00a2c39e90264f33305004495a9","hash":"9624829015e088399e2dc1d90673a16ac4184ef0"}
,"/Users/hoang-giangvo/Projects/EIP/Front-End-Mobile/src/components/InputAddress.tsx": {"path":"/Users/hoang-giangvo/Projects/EIP/Front-End-Mobile/src/components/InputAddress.tsx","statementMap":{"0":{"start":{"line":19,"column":37},"end":{"line":191,"column":1}},"1":{"start":{"line":29,"column":4},"end":{"line":190,"column":5}},"2":{"start":{"line":66,"column":28},"end":{"line":66,"column":37}},"3":{"start":{"line":78,"column":89},"end":{"line":78,"column":105}},"4":{"start":{"line":84,"column":32},"end":{"line":84,"column":47}},"5":{"start":{"line":85,"column":32},"end":{"line":85,"column":56}},"6":{"start":{"line":122,"column":24},"end":{"line":183,"column":43}},"7":{"start":{"line":129,"column":32},"end":{"line":129,"column":71}}},"fnMap":{"0":{"name":"(anonymous_0)","decl":{"start":{"line":19,"column":37},"end":{"line":19,"column":38}},"loc":{"start":{"line":27,"column":26},"end":{"line":191,"column":1}},"line":27},"1":{"name":"(anonymous_1)","decl":{"start":{"line":65,"column":33},"end":{"line":65,"column":34}},"loc":{"start":{"line":65,"column":39},"end":{"line":67,"column":25}},"line":65},"2":{"name":"(anonymous_2)","decl":{"start":{"line":78,"column":79},"end":{"line":78,"column":80}},"loc":{"start":{"line":78,"column":88},"end":{"line":78,"column":106}},"line":78},"3":{"name":"(anonymous_3)","decl":{"start":{"line":83,"column":42},"end":{"line":83,"column":43}},"loc":{"start":{"line":83,"column":52},"end":{"line":86,"column":29}},"line":83},"4":{"name":"(anonymous_4)","decl":{"start":{"line":121,"column":96},"end":{"line":121,"column":97}},"loc":{"start":{"line":122,"column":24},"end":{"line":183,"column":43}},"line":122},"5":{"name":"(anonymous_5)","decl":{"start":{"line":128,"column":37},"end":{"line":128,"column":38}},"loc":{"start":{"line":128,"column":43},"end":{"line":130,"column":29}},"line":128}},"branchMap":{"0":{"loc":{"start":{"line":121,"column":21},"end":{"line":184,"column":110}},"type":"cond-expr","locations":[{"start":{"line":121,"column":77},"end":{"line":184,"column":22}},{"start":{"line":184,"column":26},"end":{"line":184,"column":109}}],"line":121},"1":{"loc":{"start":{"line":121,"column":21},"end":{"line":121,"column":74}},"type":"binary-expr","locations":[{"start":{"line":121,"column":21},"end":{"line":121,"column":27}},{"start":{"line":121,"column":31},"end":{"line":121,"column":45}},{"start":{"line":121,"column":49},"end":{"line":121,"column":74}}],"line":121}},"s":{"0":1,"1":0,"2":0,"3":0,"4":0,"5":0,"6":0,"7":0},"f":{"0":0,"1":0,"2":0,"3":0,"4":0,"5":0},"b":{"0":[0,0],"1":[0,0,0]},"_coverageSchema":"1a1c01bbd47fc00a2c39e90264f33305004495a9","hash":"9090a8961c0ed6447dc98096c8d947ea4d8f9b03"}
,"/Users/hoang-giangvo/Projects/EIP/Front-End-Mobile/src/components/Login.tsx": {"path":"/Users/hoang-giangvo/Projects/EIP/Front-End-Mobile/src/components/Login.tsx","statementMap":{"0":{"start":{"line":20,"column":30},"end":{"line":117,"column":1}},"1":{"start":{"line":22,"column":18},"end":{"line":22,"column":65}},"2":{"start":{"line":24,"column":23},"end":{"line":24,"column":54}},"3":{"start":{"line":25,"column":22},"end":{"line":25,"column":52}},"4":{"start":{"line":27,"column":2},"end":{"line":116,"column":4}},"5":{"start":{"line":39,"column":33},"end":{"line":39,"column":51}},"6":{"start":{"line":39,"column":52},"end":{"line":39,"column":68}},"7":{"start":{"line":58,"column":33},"end":{"line":58,"column":51}},"8":{"start":{"line":58,"column":52},"end":{"line":58,"column":71}},"9":{"start":{"line":74,"column":24},"end":{"line":74,"column":39}},"10":{"start":{"line":84,"column":24},"end":{"line":84,"column":51}},"11":{"start":{"line":103,"column":24},"end":{"line":103,"column":38}}},"fnMap":{"0":{"name":"(anonymous_0)","decl":{"start":{"line":20,"column":30},"end":{"line":20,"column":31}},"loc":{"start":{"line":20,"column":205},"end":{"line":117,"column":1}},"line":20},"1":{"name":"(anonymous_1)","decl":{"start":{"line":39,"column":22},"end":{"line":39,"column":23}},"loc":{"start":{"line":39,"column":32},"end":{"line":39,"column":69}},"line":39},"2":{"name":"(anonymous_2)","decl":{"start":{"line":58,"column":22},"end":{"line":58,"column":23}},"loc":{"start":{"line":58,"column":32},"end":{"line":58,"column":72}},"line":58},"3":{"name":"(anonymous_3)","decl":{"start":{"line":74,"column":17},"end":{"line":74,"column":18}},"loc":{"start":{"line":74,"column":23},"end":{"line":74,"column":40}},"line":74},"4":{"name":"(anonymous_4)","decl":{"start":{"line":84,"column":17},"end":{"line":84,"column":18}},"loc":{"start":{"line":84,"column":23},"end":{"line":84,"column":52}},"line":84},"5":{"name":"(anonymous_5)","decl":{"start":{"line":103,"column":17},"end":{"line":103,"column":18}},"loc":{"start":{"line":103,"column":23},"end":{"line":103,"column":39}},"line":103}},"branchMap":{"0":{"loc":{"start":{"line":22,"column":18},"end":{"line":22,"column":65}},"type":"cond-expr","locations":[{"start":{"line":22,"column":30},"end":{"line":22,"column":53}},{"start":{"line":22,"column":56},"end":{"line":22,"column":65}}],"line":22},"1":{"loc":{"start":{"line":43,"column":24},"end":{"line":43,"column":44}},"type":"cond-expr","locations":[{"start":{"line":43,"column":38},"end":{"line":43,"column":39}},{"start":{"line":43,"column":42},"end":{"line":43,"column":44}}],"line":43},"2":{"loc":{"start":{"line":48,"column":9},"end":{"line":48,"column":40}},"type":"cond-expr","locations":[{"start":{"line":48,"column":22},"end":{"line":48,"column":35}},{"start":{"line":48,"column":38},"end":{"line":48,"column":40}}],"line":48},"3":{"loc":{"start":{"line":62,"column":24},"end":{"line":62,"column":47}},"type":"cond-expr","locations":[{"start":{"line":62,"column":41},"end":{"line":62,"column":42}},{"start":{"line":62,"column":45},"end":{"line":62,"column":47}}],"line":62},"4":{"loc":{"start":{"line":67,"column":9},"end":{"line":67,"column":46}},"type":"cond-expr","locations":[{"start":{"line":67,"column":25},"end":{"line":67,"column":41}},{"start":{"line":67,"column":44},"end":{"line":67,"column":46}}],"line":67}},"s":{"0":1,"1":1,"2":1,"3":1,"4":1,"5":0,"6":0,"7":0,"8":0,"9":0,"10":0,"11":0},"f":{"0":1,"1":0,"2":0,"3":0,"4":0,"5":0},"b":{"0":[0,1],"1":[1,0],"2":[0,1],"3":[1,0],"4":[0,1]},"_coverageSchema":"1a1c01bbd47fc00a2c39e90264f33305004495a9","hash":"cd602c8b05e63e73703b1d65ea28056f010c4200"}
,"/Users/hoang-giangvo/Projects/EIP/Front-End-Mobile/src/components/NavigationPopup.tsx": {"path":"/Users/hoang-giangvo/Projects/EIP/Front-End-Mobile/src/components/NavigationPopup.tsx","statementMap":{"0":{"start":{"line":14,"column":40},"end":{"line":62,"column":1}},"1":{"start":{"line":16,"column":4},"end":{"line":61,"column":5}}},"fnMap":{"0":{"name":"(anonymous_0)","decl":{"start":{"line":14,"column":40},"end":{"line":14,"column":41}},"loc":{"start":{"line":14,"column":104},"end":{"line":62,"column":1}},"line":14}},"branchMap":{"0":{"loc":{"start":{"line":48,"column":25},"end":{"line":53,"column":32}},"type":"cond-expr","locations":[{"start":{"line":49,"column":28},"end":{"line":52,"column":30}},{"start":{"line":53,"column":28},"end":{"line":53,"column":32}}],"line":48},"1":{"loc":{"start":{"line":48,"column":25},"end":{"line":48,"column":66}},"type":"binary-expr","locations":[{"start":{"line":48,"column":25},"end":{"line":48,"column":38}},{"start":{"line":48,"column":42},"end":{"line":48,"column":66}}],"line":48},"2":{"loc":{"start":{"line":55,"column":29},"end":{"line":55,"column":91}},"type":"cond-expr","locations":[{"start":{"line":55,"column":67},"end":{"line":55,"column":77}},{"start":{"line":55,"column":80},"end":{"line":55,"column":91}}],"line":55},"3":{"loc":{"start":{"line":55,"column":29},"end":{"line":55,"column":64}},"type":"binary-expr","locations":[{"start":{"line":55,"column":29},"end":{"line":55,"column":39}},{"start":{"line":55,"column":43},"end":{"line":55,"column":64}}],"line":55}},"s":{"0":1,"1":0},"f":{"0":0},"b":{"0":[0,0],"1":[0,0],"2":[0,0],"3":[0,0]},"_coverageSchema":"1a1c01bbd47fc00a2c39e90264f33305004495a9","hash":"2a3c3714c12b83ea73bb7d9375a7ad5d9b5dcb98"}
,"/Users/hoang-giangvo/Projects/EIP/Front-End-Mobile/src/components/Profile.tsx": {"path":"/Users/hoang-giangvo/Projects/EIP/Front-End-Mobile/src/components/Profile.tsx","statementMap":{"0":{"start":{"line":22,"column":32},"end":{"line":120,"column":1}},"1":{"start":{"line":24,"column":18},"end":{"line":24,"column":45}},"2":{"start":{"line":26,"column":23},"end":{"line":26,"column":54}},"3":{"start":{"line":27,"column":22},"end":{"line":27,"column":52}},"4":{"start":{"line":29,"column":4},"end":{"line":119,"column":5}},"5":{"start":{"line":47,"column":39},"end":{"line":47,"column":54}},"6":{"start":{"line":47,"column":55},"end":{"line":47,"column":72}},"7":{"start":{"line":61,"column":43},"end":{"line":61,"column":65}},"8":{"start":{"line":61,"column":66},"end":{"line":61,"column":89}},"9":{"start":{"line":76,"column":41},"end":{"line":76,"column":66}},"10":{"start":{"line":88,"column":30},"end":{"line":88,"column":55}},"11":{"start":{"line":94,"column":30},"end":{"line":94,"column":40}},"12":{"start":{"line":105,"column":30},"end":{"line":105,"column":38}}},"fnMap":{"0":{"name":"(anonymous_0)","decl":{"start":{"line":22,"column":32},"end":{"line":22,"column":33}},"loc":{"start":{"line":22,"column":228},"end":{"line":120,"column":1}},"line":22},"1":{"name":"(anonymous_1)","decl":{"start":{"line":47,"column":28},"end":{"line":47,"column":29}},"loc":{"start":{"line":47,"column":38},"end":{"line":47,"column":73}},"line":47},"2":{"name":"(anonymous_2)","decl":{"start":{"line":61,"column":28},"end":{"line":61,"column":29}},"loc":{"start":{"line":61,"column":42},"end":{"line":61,"column":90}},"line":61},"3":{"name":"(anonymous_3)","decl":{"start":{"line":76,"column":30},"end":{"line":76,"column":31}},"loc":{"start":{"line":76,"column":40},"end":{"line":76,"column":67}},"line":76},"4":{"name":"(anonymous_4)","decl":{"start":{"line":88,"column":23},"end":{"line":88,"column":24}},"loc":{"start":{"line":88,"column":29},"end":{"line":88,"column":56}},"line":88},"5":{"name":"(anonymous_5)","decl":{"start":{"line":94,"column":23},"end":{"line":94,"column":24}},"loc":{"start":{"line":94,"column":29},"end":{"line":94,"column":41}},"line":94},"6":{"name":"(anonymous_6)","decl":{"start":{"line":105,"column":23},"end":{"line":105,"column":24}},"loc":{"start":{"line":105,"column":29},"end":{"line":105,"column":39}},"line":105}},"branchMap":{"0":{"loc":{"start":{"line":24,"column":18},"end":{"line":24,"column":45}},"type":"cond-expr","locations":[{"start":{"line":24,"column":30},"end":{"line":24,"column":36}},{"start":{"line":24,"column":39},"end":{"line":24,"column":45}}],"line":24},"1":{"loc":{"start":{"line":54,"column":15},"end":{"line":54,"column":46}},"type":"cond-expr","locations":[{"start":{"line":54,"column":28},"end":{"line":54,"column":41}},{"start":{"line":54,"column":44},"end":{"line":54,"column":46}}],"line":54},"2":{"loc":{"start":{"line":69,"column":15},"end":{"line":69,"column":49}},"type":"cond-expr","locations":[{"start":{"line":69,"column":31},"end":{"line":69,"column":44}},{"start":{"line":69,"column":47},"end":{"line":69,"column":49}}],"line":69}},"s":{"0":1,"1":1,"2":1,"3":1,"4":1,"5":0,"6":0,"7":0,"8":0,"9":0,"10":0,"11":0,"12":0},"f":{"0":1,"1":0,"2":0,"3":0,"4":0,"5":0,"6":0},"b":{"0":[0,1],"1":[0,1],"2":[0,1]},"_coverageSchema":"1a1c01bbd47fc00a2c39e90264f33305004495a9","hash":"7393f8b0266b33b12cff55a1146d18d5e487b195"}
,"/Users/hoang-giangvo/Projects/EIP/Front-End-Mobile/src/components/Register.tsx": {"path":"/Users/hoang-giangvo/Projects/EIP/Front-End-Mobile/src/components/Register.tsx","statementMap":{"0":{"start":{"line":24,"column":34},"end":{"line":104,"column":1}},"1":{"start":{"line":26,"column":23},"end":{"line":26,"column":54}},"2":{"start":{"line":27,"column":22},"end":{"line":27,"column":52}},"3":{"start":{"line":29,"column":2},"end":{"line":103,"column":4}},"4":{"start":{"line":40,"column":33},"end":{"line":40,"column":51}},"5":{"start":{"line":40,"column":52},"end":{"line":40,"column":72}},"6":{"start":{"line":54,"column":33},"end":{"line":54,"column":48}},"7":{"start":{"line":54,"column":49},"end":{"line":54,"column":66}},"8":{"start":{"line":68,"column":33},"end":{"line":68,"column":51}},"9":{"start":{"line":68,"column":52},"end":{"line":68,"column":72}},"10":{"start":{"line":80,"column":33},"end":{"line":80,"column":58}},"11":{"start":{"line":92,"column":24},"end":{"line":92,"column":61}}},"fnMap":{"0":{"name":"(anonymous_0)","decl":{"start":{"line":24,"column":34},"end":{"line":24,"column":35}},"loc":{"start":{"line":24,"column":267},"end":{"line":104,"column":1}},"line":24},"1":{"name":"(anonymous_1)","decl":{"start":{"line":40,"column":22},"end":{"line":40,"column":23}},"loc":{"start":{"line":40,"column":32},"end":{"line":40,"column":73}},"line":40},"2":{"name":"(anonymous_2)","decl":{"start":{"line":54,"column":22},"end":{"line":54,"column":23}},"loc":{"start":{"line":54,"column":32},"end":{"line":54,"column":67}},"line":54},"3":{"name":"(anonymous_3)","decl":{"start":{"line":68,"column":22},"end":{"line":68,"column":23}},"loc":{"start":{"line":68,"column":32},"end":{"line":68,"column":73}},"line":68},"4":{"name":"(anonymous_4)","decl":{"start":{"line":80,"column":22},"end":{"line":80,"column":23}},"loc":{"start":{"line":80,"column":32},"end":{"line":80,"column":59}},"line":80},"5":{"name":"(anonymous_5)","decl":{"start":{"line":92,"column":17},"end":{"line":92,"column":18}},"loc":{"start":{"line":92,"column":23},"end":{"line":92,"column":62}},"line":92}},"branchMap":{"0":{"loc":{"start":{"line":44,"column":9},"end":{"line":44,"column":46}},"type":"cond-expr","locations":[{"start":{"line":44,"column":25},"end":{"line":44,"column":41}},{"start":{"line":44,"column":44},"end":{"line":44,"column":46}}],"line":44},"1":{"loc":{"start":{"line":58,"column":9},"end":{"line":58,"column":40}},"type":"cond-expr","locations":[{"start":{"line":58,"column":22},"end":{"line":58,"column":35}},{"start":{"line":58,"column":38},"end":{"line":58,"column":40}}],"line":58},"2":{"loc":{"start":{"line":73,"column":9},"end":{"line":73,"column":46}},"type":"cond-expr","locations":[{"start":{"line":73,"column":25},"end":{"line":73,"column":41}},{"start":{"line":73,"column":44},"end":{"line":73,"column":46}}],"line":73}},"s":{"0":1,"1":1,"2":1,"3":1,"4":0,"5":0,"6":0,"7":0,"8":0,"9":0,"10":0,"11":0},"f":{"0":1,"1":0,"2":0,"3":0,"4":0,"5":0},"b":{"0":[0,1],"1":[0,1],"2":[0,1]},"_coverageSchema":"1a1c01bbd47fc00a2c39e90264f33305004495a9","hash":"bb5262fd8950dd6e7ebceb48a08070faa51fece4"}
,"/Users/hoang-giangvo/Projects/EIP/Front-End-Mobile/src/components/Safeplace.tsx": {"path":"/Users/hoang-giangvo/Projects/EIP/Front-End-Mobile/src/components/Safeplace.tsx","statementMap":{"0":{"start":{"line":25,"column":34},"end":{"line":143,"column":1}},"1":{"start":{"line":27,"column":24},"end":{"line":27,"column":54}},"2":{"start":{"line":28,"column":25},"end":{"line":28,"column":56}},"3":{"start":{"line":30,"column":4},"end":{"line":142,"column":5}},"4":{"start":{"line":44,"column":40},"end":{"line":44,"column":64}},"5":{"start":{"line":53,"column":28},"end":{"line":62,"column":29}},"6":{"start":{"line":69,"column":54},"end":{"line":69,"column":75}},"7":{"start":{"line":81,"column":39},"end":{"line":81,"column":69}},"8":{"start":{"line":90,"column":61},"end":{"line":90,"column":77}},"9":{"start":{"line":100,"column":57},"end":{"line":100,"column":74}},"10":{"start":{"line":111,"column":48},"end":{"line":111,"column":119}},"11":{"start":{"line":119,"column":20},"end":{"line":138,"column":21}},"12":{"start":{"line":120,"column":24},"end":{"line":137,"column":25}}},"fnMap":{"0":{"name":"(anonymous_0)","decl":{"start":{"line":25,"column":34},"end":{"line":25,"column":35}},"loc":{"start":{"line":25,"column":198},"end":{"line":143,"column":1}},"line":25},"1":{"name":"(anonymous_1)","decl":{"start":{"line":44,"column":33},"end":{"line":44,"column":34}},"loc":{"start":{"line":44,"column":39},"end":{"line":44,"column":65}},"line":44},"2":{"name":"(anonymous_2)","decl":{"start":{"line":52,"column":78},"end":{"line":52,"column":79}},"loc":{"start":{"line":52,"column":96},"end":{"line":63,"column":25}},"line":52},"3":{"name":"(anonymous_3)","decl":{"start":{"line":69,"column":47},"end":{"line":69,"column":48}},"loc":{"start":{"line":69,"column":53},"end":{"line":69,"column":76}},"line":69},"4":{"name":"(anonymous_4)","decl":{"start":{"line":81,"column":33},"end":{"line":81,"column":34}},"loc":{"start":{"line":81,"column":39},"end":{"line":81,"column":69}},"line":81},"5":{"name":"(anonymous_5)","decl":{"start":{"line":90,"column":48},"end":{"line":90,"column":49}},"loc":{"start":{"line":90,"column":60},"end":{"line":90,"column":78}},"line":90},"6":{"name":"(anonymous_6)","decl":{"start":{"line":100,"column":46},"end":{"line":100,"column":47}},"loc":{"start":{"line":100,"column":56},"end":{"line":100,"column":75}},"line":100},"7":{"name":"(anonymous_7)","decl":{"start":{"line":111,"column":41},"end":{"line":111,"column":42}},"loc":{"start":{"line":111,"column":47},"end":{"line":111,"column":120}},"line":111},"8":{"name":"(anonymous_8)","decl":{"start":{"line":118,"column":77},"end":{"line":118,"column":78}},"loc":{"start":{"line":118,"column":97},"end":{"line":139,"column":17}},"line":118}},"branchMap":{"0":{"loc":{"start":{"line":50,"column":17},"end":{"line":65,"column":17}},"type":"binary-expr","locations":[{"start":{"line":50,"column":17},"end":{"line":50,"column":26}},{"start":{"line":50,"column":30},"end":{"line":50,"column":39}},{"start":{"line":51,"column":20},"end":{"line":64,"column":27}}],"line":50},"1":{"loc":{"start":{"line":52,"column":25},"end":{"line":63,"column":26}},"type":"binary-expr","locations":[{"start":{"line":52,"column":25},"end":{"line":52,"column":47}},{"start":{"line":52,"column":51},"end":{"line":63,"column":26}}],"line":52},"2":{"loc":{"start":{"line":111,"column":48},"end":{"line":111,"column":118}},"type":"cond-expr","locations":[{"start":{"line":111,"column":69},"end":{"line":111,"column":111}},{"start":{"line":111,"column":114},"end":{"line":111,"column":118}}],"line":111},"3":{"loc":{"start":{"line":118,"column":17},"end":{"line":139,"column":18}},"type":"binary-expr","locations":[{"start":{"line":118,"column":17},"end":{"line":118,"column":29}},{"start":{"line":118,"column":33},"end":{"line":118,"column":56}},{"start":{"line":118,"column":60},"end":{"line":139,"column":18}}],"line":118},"4":{"loc":{"start":{"line":119,"column":20},"end":{"line":138,"column":21}},"type":"if","locations":[{"start":{"line":119,"column":20},"end":{"line":138,"column":21}},{"start":{"line":119,"column":20},"end":{"line":138,"column":21}}],"line":119}},"s":{"0":1,"1":0,"2":0,"3":0,"4":0,"5":0,"6":0,"7":0,"8":0,"9":0,"10":0,"11":0,"12":0},"f":{"0":0,"1":0,"2":0,"3":0,"4":0,"5":0,"6":0,"7":0,"8":0},"b":{"0":[0,0,0],"1":[0,0],"2":[0,0],"3":[0,0,0],"4":[0,0]},"_coverageSchema":"1a1c01bbd47fc00a2c39e90264f33305004495a9","hash":"0803a6a63e9c35d44160a5dca0a630c18aebe899"}
,"/Users/hoang-giangvo/Projects/EIP/Front-End-Mobile/src/components/SavedPlaces.tsx": {"path":"/Users/hoang-giangvo/Projects/EIP/Front-End-Mobile/src/components/SavedPlaces.tsx","statementMap":{"0":{"start":{"line":44,"column":36},"end":{"line":209,"column":1}},"1":{"start":{"line":46,"column":24},"end":{"line":46,"column":54}},"2":{"start":{"line":47,"column":25},"end":{"line":47,"column":56}},"3":{"start":{"line":49,"column":4},"end":{"line":208,"column":5}},"4":{"start":{"line":55,"column":40},"end":{"line":55,"column":63}},"5":{"start":{"line":61,"column":20},"end":{"line":87,"column":21}},"6":{"start":{"line":64,"column":32},"end":{"line":64,"column":73}},"7":{"start":{"line":78,"column":56},"end":{"line":78,"column":80}},"8":{"start":{"line":78,"column":81},"end":{"line":78,"column":105}},"9":{"start":{"line":78,"column":105},"end":{"line":78,"column":136}},"10":{"start":{"line":78,"column":136},"end":{"line":78,"column":161}},"11":{"start":{"line":78,"column":161},"end":{"line":78,"column":186}},"12":{"start":{"line":78,"column":186},"end":{"line":78,"column":219}},"13":{"start":{"line":97,"column":28},"end":{"line":97,"column":62}},"14":{"start":{"line":98,"column":28},"end":{"line":98,"column":51}},"15":{"start":{"line":99,"column":28},"end":{"line":99,"column":48}},"16":{"start":{"line":100,"column":28},"end":{"line":100,"column":45}},"17":{"start":{"line":101,"column":28},"end":{"line":101,"column":45}},"18":{"start":{"line":102,"column":28},"end":{"line":102,"column":46}},"19":{"start":{"line":103,"column":28},"end":{"line":103,"column":56}},"20":{"start":{"line":114,"column":36},"end":{"line":114,"column":55}},"21":{"start":{"line":127,"column":36},"end":{"line":127,"column":58}},"22":{"start":{"line":128,"column":36},"end":{"line":128,"column":64}},"23":{"start":{"line":133,"column":48},"end":{"line":133,"column":74}},"24":{"start":{"line":139,"column":40},"end":{"line":152,"column":47}},"25":{"start":{"line":141,"column":64},"end":{"line":141,"column":99}},"26":{"start":{"line":141,"column":100},"end":{"line":141,"column":128}},"27":{"start":{"line":141,"column":129},"end":{"line":141,"column":167}},"28":{"start":{"line":141,"column":169},"end":{"line":141,"column":187}},"29":{"start":{"line":164,"column":44},"end":{"line":164,"column":63}},"30":{"start":{"line":178,"column":44},"end":{"line":182,"column":45}},"31":{"start":{"line":179,"column":48},"end":{"line":179,"column":128}},"32":{"start":{"line":181,"column":48},"end":{"line":181,"column":105}},"33":{"start":{"line":195,"column":48},"end":{"line":195,"column":82}}},"fnMap":{"0":{"name":"(anonymous_0)","decl":{"start":{"line":44,"column":36},"end":{"line":44,"column":37}},"loc":{"start":{"line":44,"column":417},"end":{"line":209,"column":1}},"line":44},"1":{"name":"(anonymous_1)","decl":{"start":{"line":55,"column":33},"end":{"line":55,"column":34}},"loc":{"start":{"line":55,"column":39},"end":{"line":55,"column":64}},"line":55},"2":{"name":"(anonymous_2)","decl":{"start":{"line":60,"column":86},"end":{"line":60,"column":87}},"loc":{"start":{"line":60,"column":104},"end":{"line":88,"column":17}},"line":60},"3":{"name":"(anonymous_3)","decl":{"start":{"line":63,"column":37},"end":{"line":63,"column":38}},"loc":{"start":{"line":63,"column":43},"end":{"line":65,"column":29}},"line":63},"4":{"name":"(anonymous_4)","decl":{"start":{"line":78,"column":49},"end":{"line":78,"column":50}},"loc":{"start":{"line":78,"column":55},"end":{"line":78,"column":220}},"line":78},"5":{"name":"(anonymous_5)","decl":{"start":{"line":96,"column":33},"end":{"line":96,"column":34}},"loc":{"start":{"line":96,"column":39},"end":{"line":104,"column":25}},"line":96},"6":{"name":"(anonymous_6)","decl":{"start":{"line":113,"column":46},"end":{"line":113,"column":47}},"loc":{"start":{"line":113,"column":56},"end":{"line":115,"column":33}},"line":113},"7":{"name":"(anonymous_7)","decl":{"start":{"line":126,"column":46},"end":{"line":126,"column":47}},"loc":{"start":{"line":126,"column":56},"end":{"line":129,"column":33}},"line":126},"8":{"name":"(anonymous_8)","decl":{"start":{"line":133,"column":41},"end":{"line":133,"column":42}},"loc":{"start":{"line":133,"column":47},"end":{"line":133,"column":75}},"line":133},"9":{"name":"(anonymous_9)","decl":{"start":{"line":138,"column":106},"end":{"line":138,"column":107}},"loc":{"start":{"line":139,"column":40},"end":{"line":152,"column":47}},"line":139},"10":{"name":"(anonymous_10)","decl":{"start":{"line":141,"column":57},"end":{"line":141,"column":58}},"loc":{"start":{"line":141,"column":63},"end":{"line":141,"column":188}},"line":141},"11":{"name":"(anonymous_11)","decl":{"start":{"line":163,"column":54},"end":{"line":163,"column":55}},"loc":{"start":{"line":163,"column":64},"end":{"line":165,"column":41}},"line":163},"12":{"name":"(anonymous_12)","decl":{"start":{"line":177,"column":49},"end":{"line":177,"column":50}},"loc":{"start":{"line":177,"column":55},"end":{"line":183,"column":41}},"line":177},"13":{"name":"(anonymous_13)","decl":{"start":{"line":194,"column":53},"end":{"line":194,"column":54}},"loc":{"start":{"line":194,"column":59},"end":{"line":196,"column":45}},"line":194}},"branchMap":{"0":{"loc":{"start":{"line":60,"column":17},"end":{"line":88,"column":18}},"type":"binary-expr","locations":[{"start":{"line":60,"column":17},"end":{"line":60,"column":32}},{"start":{"line":60,"column":36},"end":{"line":60,"column":62}},{"start":{"line":60,"column":66},"end":{"line":88,"column":18}}],"line":60},"1":{"loc":{"start":{"line":106,"column":96},"end":{"line":106,"column":213}},"type":"cond-expr","locations":[{"start":{"line":106,"column":176},"end":{"line":106,"column":193}},{"start":{"line":106,"column":196},"end":{"line":106,"column":213}}],"line":106},"2":{"loc":{"start":{"line":106,"column":96},"end":{"line":106,"column":173}},"type":"binary-expr","locations":[{"start":{"line":106,"column":96},"end":{"line":106,"column":112}},{"start":{"line":106,"column":116},"end":{"line":106,"column":137}},{"start":{"line":106,"column":141},"end":{"line":106,"column":173}}],"line":106},"3":{"loc":{"start":{"line":107,"column":108},"end":{"line":107,"column":229}},"type":"cond-expr","locations":[{"start":{"line":107,"column":188},"end":{"line":107,"column":210}},{"start":{"line":107,"column":213},"end":{"line":107,"column":229}}],"line":107},"4":{"loc":{"start":{"line":107,"column":108},"end":{"line":107,"column":185}},"type":"binary-expr","locations":[{"start":{"line":107,"column":108},"end":{"line":107,"column":124}},{"start":{"line":107,"column":128},"end":{"line":107,"column":149}},{"start":{"line":107,"column":153},"end":{"line":107,"column":185}}],"line":107},"5":{"loc":{"start":{"line":136,"column":29},"end":{"line":155,"column":29}},"type":"binary-expr","locations":[{"start":{"line":136,"column":29},"end":{"line":136,"column":46}},{"start":{"line":137,"column":32},"end":{"line":154,"column":45}}],"line":136},"6":{"loc":{"start":{"line":137,"column":51},"end":{"line":137,"column":442}},"type":"cond-expr","locations":[{"start":{"line":137,"column":101},"end":{"line":137,"column":437}},{"start":{"line":137,"column":440},"end":{"line":137,"column":442}}],"line":137},"7":{"loc":{"start":{"line":137,"column":52},"end":{"line":137,"column":97}},"type":"binary-expr","locations":[{"start":{"line":137,"column":52},"end":{"line":137,"column":76}},{"start":{"line":137,"column":80},"end":{"line":137,"column":97}}],"line":137},"8":{"loc":{"start":{"line":137,"column":129},"end":{"line":137,"column":252}},"type":"cond-expr","locations":[{"start":{"line":137,"column":209},"end":{"line":137,"column":229}},{"start":{"line":137,"column":232},"end":{"line":137,"column":252}}],"line":137},"9":{"loc":{"start":{"line":137,"column":129},"end":{"line":137,"column":206}},"type":"binary-expr","locations":[{"start":{"line":137,"column":129},"end":{"line":137,"column":145}},{"start":{"line":137,"column":149},"end":{"line":137,"column":170}},{"start":{"line":137,"column":174},"end":{"line":137,"column":206}}],"line":137},"10":{"loc":{"start":{"line":138,"column":37},"end":{"line":153,"column":38}},"type":"binary-expr","locations":[{"start":{"line":138,"column":38},"end":{"line":138,"column":62}},{"start":{"line":138,"column":66},"end":{"line":138,"column":83}},{"start":{"line":138,"column":88},"end":{"line":153,"column":38}}],"line":138},"11":{"loc":{"start":{"line":156,"column":29},"end":{"line":202,"column":29}},"type":"binary-expr","locations":[{"start":{"line":156,"column":29},"end":{"line":156,"column":47}},{"start":{"line":157,"column":32},"end":{"line":201,"column":35}}],"line":156},"12":{"loc":{"start":{"line":178,"column":44},"end":{"line":182,"column":45}},"type":"if","locations":[{"start":{"line":178,"column":44},"end":{"line":182,"column":45}},{"start":{"line":178,"column":44},"end":{"line":182,"column":45}}],"line":178},"13":{"loc":{"start":{"line":178,"column":48},"end":{"line":178,"column":125}},"type":"binary-expr","locations":[{"start":{"line":178,"column":48},"end":{"line":178,"column":64}},{"start":{"line":178,"column":68},"end":{"line":178,"column":89}},{"start":{"line":178,"column":93},"end":{"line":178,"column":125}}],"line":178},"14":{"loc":{"start":{"line":187,"column":37},"end":{"line":200,"column":44}},"type":"cond-expr","locations":[{"start":{"line":188,"column":40},"end":{"line":199,"column":49}},{"start":{"line":200,"column":40},"end":{"line":200,"column":44}}],"line":187},"15":{"loc":{"start":{"line":187,"column":37},"end":{"line":187,"column":114}},"type":"binary-expr","locations":[{"start":{"line":187,"column":37},"end":{"line":187,"column":53}},{"start":{"line":187,"column":57},"end":{"line":187,"column":78}},{"start":{"line":187,"column":82},"end":{"line":187,"column":114}}],"line":187}},"s":{"0":1,"1":1,"2":1,"3":1,"4":0,"5":0,"6":0,"7":0,"8":0,"9":0,"10":0,"11":0,"12":0,"13":0,"14":0,"15":0,"16":0,"17":0,"18":0,"19":0,"20":0,"21":0,"22":0,"23":0,"24":0,"25":0,"26":0,"27":0,"28":0,"29":0,"30":0,"31":0,"32":0,"33":0},"f":{"0":1,"1":0,"2":0,"3":0,"4":0,"5":0,"6":0,"7":0,"8":0,"9":0,"10":0,"11":0,"12":0,"13":0},"b":{"0":[1,1,0],"1":[0,1],"2":[1,1,0],"3":[0,1],"4":[1,1,0],"5":[1,0],"6":[0,0],"7":[0,0],"8":[0,0],"9":[0,0,0],"10":[0,0,0],"11":[1,1],"12":[0,0],"13":[0,0,0],"14":[0,1],"15":[1,1,0]},"_coverageSchema":"1a1c01bbd47fc00a2c39e90264f33305004495a9","hash":"2d133c2a2f19f4be0e80501e910578d916f166a4"}
,"/Users/hoang-giangvo/Projects/EIP/Front-End-Mobile/src/components/index.ts": {"path":"/Users/hoang-giangvo/Projects/EIP/Front-End-Mobile/src/components/index.ts","statementMap":{},"fnMap":{},"branchMap":{},"s":{},"f":{},"b":{},"_coverageSchema":"1a1c01bbd47fc00a2c39e90264f33305004495a9","hash":"b9a6edc57d77abce42429b4856d00e6eca5aa203"}
,"/Users/hoang-giangvo/Projects/EIP/Front-End-Mobile/src/components/generic/Button.tsx": {"path":"/Users/hoang-giangvo/Projects/EIP/Front-End-Mobile/src/components/generic/Button.tsx","statementMap":{"0":{"start":{"line":13,"column":22},"end":{"line":26,"column":1}},"1":{"start":{"line":14,"column":4},"end":{"line":25,"column":5}}},"fnMap":{"0":{"name":"(anonymous_0)","decl":{"start":{"line":13,"column":22},"end":{"line":13,"column":23}},"loc":{"start":{"line":13,"column":86},"end":{"line":26,"column":1}},"line":13}},"branchMap":{},"s":{"0":1,"1":9},"f":{"0":9},"b":{},"_coverageSchema":"1a1c01bbd47fc00a2c39e90264f33305004495a9","hash":"effb138cf604f70da16d9ed0dfb7d48e38968b34"}
,"/Users/hoang-giangvo/Projects/EIP/Front-End-Mobile/src/components/generic/HorizontalLine.tsx": {"path":"/Users/hoang-giangvo/Projects/EIP/Front-End-Mobile/src/components/generic/HorizontalLine.tsx","statementMap":{"0":{"start":{"line":12,"column":21},"end":{"line":25,"column":1}},"1":{"start":{"line":13,"column":4},"end":{"line":24,"column":5}}},"fnMap":{"0":{"name":"(anonymous_0)","decl":{"start":{"line":12,"column":21},"end":{"line":12,"column":22}},"loc":{"start":{"line":12,"column":94},"end":{"line":25,"column":1}},"line":12}},"branchMap":{},"s":{"0":1,"1":2},"f":{"0":2},"b":{},"_coverageSchema":"1a1c01bbd47fc00a2c39e90264f33305004495a9","hash":"3cff83530bf99ab11b75d71f4676e767107d24a5"}
,"/Users/hoang-giangvo/Projects/EIP/Front-End-Mobile/src/components/generic/Text.tsx": {"path":"/Users/hoang-giangvo/Projects/EIP/Front-End-Mobile/src/components/generic/Text.tsx","statementMap":{"0":{"start":{"line":12,"column":20},"end":{"line":24,"column":1}},"1":{"start":{"line":13,"column":4},"end":{"line":23,"column":5}}},"fnMap":{"0":{"name":"(anonymous_0)","decl":{"start":{"line":12,"column":20},"end":{"line":12,"column":21}},"loc":{"start":{"line":12,"column":81},"end":{"line":24,"column":1}},"line":12}},"branchMap":{},"s":{"0":1,"1":28},"f":{"0":28},"b":{},"_coverageSchema":"1a1c01bbd47fc00a2c39e90264f33305004495a9","hash":"e624c36a115a3badcb6ead08357b95185dc954dc"}
,"/Users/hoang-giangvo/Projects/EIP/Front-End-Mobile/src/components/generic/TextInput.tsx": {"path":"/Users/hoang-giangvo/Projects/EIP/Front-End-Mobile/src/components/generic/TextInput.tsx","statementMap":{"0":{"start":{"line":12,"column":25},"end":{"line":25,"column":1}},"1":{"start":{"line":13,"column":4},"end":{"line":24,"column":5}}},"fnMap":{"0":{"name":"(anonymous_0)","decl":{"start":{"line":12,"column":25},"end":{"line":12,"column":26}},"loc":{"start":{"line":12,"column":89},"end":{"line":25,"column":1}},"line":12}},"branchMap":{},"s":{"0":1,"1":15},"f":{"0":15},"b":{},"_coverageSchema":"1a1c01bbd47fc00a2c39e90264f33305004495a9","hash":"dce52547223d727e531eede4aca2d8b8b816d2b1"}
,"/Users/hoang-giangvo/Projects/EIP/Front-End-Mobile/src/containers/ChangePWD.tsx": {"path":"/Users/hoang-giangvo/Projects/EIP/Front-End-Mobile/src/containers/ChangePWD.tsx","statementMap":{"0":{"start":{"line":9,"column":25},"end":{"line":72,"column":1}},"1":{"start":{"line":11,"column":18},"end":{"line":11,"column":28}},"2":{"start":{"line":12,"column":36},"end":{"line":12,"column":56}},"3":{"start":{"line":13,"column":46},"end":{"line":13,"column":66}},"4":{"start":{"line":14,"column":50},"end":{"line":14,"column":70}},"5":{"start":{"line":15,"column":38},"end":{"line":15,"column":62}},"6":{"start":{"line":16,"column":23},"end":{"line":16,"column":38}},"7":{"start":{"line":19,"column":28},"end":{"line":19,"column":71}},"8":{"start":{"line":20,"column":33},"end":{"line":20,"column":82}},"9":{"start":{"line":22,"column":8},"end":{"line":22,"column":43}},"10":{"start":{"line":24,"column":8},"end":{"line":44,"column":9}},"11":{"start":{"line":25,"column":25},"end":{"line":25,"column":40}},"12":{"start":{"line":26,"column":24},"end":{"line":26,"column":42}},"13":{"start":{"line":28,"column":10},"end":{"line":28,"column":29}},"14":{"start":{"line":29,"column":10},"end":{"line":37,"column":13}},"15":{"start":{"line":31,"column":12},"end":{"line":31,"column":32}},"16":{"start":{"line":32,"column":12},"end":{"line":32,"column":32}},"17":{"start":{"line":35,"column":12},"end":{"line":35,"column":32}},"18":{"start":{"line":36,"column":12},"end":{"line":36,"column":29}},"19":{"start":{"line":39,"column":10},"end":{"line":43,"column":13}},"20":{"start":{"line":48,"column":28},"end":{"line":48,"column":71}},"21":{"start":{"line":49,"column":33},"end":{"line":49,"column":82}},"22":{"start":{"line":51,"column":8},"end":{"line":55,"column":9}},"23":{"start":{"line":52,"column":10},"end":{"line":52,"column":45}},"24":{"start":{"line":54,"column":10},"end":{"line":54,"column":31}},"25":{"start":{"line":58,"column":2},"end":{"line":71,"column":4}}},"fnMap":{"0":{"name":"(anonymous_0)","decl":{"start":{"line":9,"column":25},"end":{"line":9,"column":26}},"loc":{"start":{"line":9,"column":44},"end":{"line":72,"column":1}},"line":9},"1":{"name":"onSubmit","decl":{"start":{"line":18,"column":13},"end":{"line":18,"column":21}},"loc":{"start":{"line":18,"column":40},"end":{"line":45,"column":7}},"line":18},"2":{"name":"(anonymous_2)","decl":{"start":{"line":30,"column":16},"end":{"line":30,"column":17}},"loc":{"start":{"line":30,"column":22},"end":{"line":33,"column":11}},"line":30},"3":{"name":"(anonymous_3)","decl":{"start":{"line":34,"column":17},"end":{"line":34,"column":18}},"loc":{"start":{"line":34,"column":24},"end":{"line":37,"column":11}},"line":34},"4":{"name":"checkPassword","decl":{"start":{"line":47,"column":13},"end":{"line":47,"column":26}},"loc":{"start":{"line":47,"column":45},"end":{"line":56,"column":5}},"line":47}},"branchMap":{"0":{"loc":{"start":{"line":20,"column":33},"end":{"line":20,"column":82}},"type":"cond-expr","locations":[{"start":{"line":20,"column":47},"end":{"line":20,"column":70}},{"start":{"line":20,"column":73},"end":{"line":20,"column":82}}],"line":20},"1":{"loc":{"start":{"line":24,"column":8},"end":{"line":44,"column":9}},"type":"if","locations":[{"start":{"line":24,"column":8},"end":{"line":44,"column":9}},{"start":{"line":24,"column":8},"end":{"line":44,"column":9}}],"line":24},"2":{"loc":{"start":{"line":24,"column":12},"end":{"line":24,"column":63}},"type":"binary-expr","locations":[{"start":{"line":24,"column":12},"end":{"line":24,"column":29}},{"start":{"line":24,"column":34},"end":{"line":24,"column":62}}],"line":24},"3":{"loc":{"start":{"line":49,"column":33},"end":{"line":49,"column":82}},"type":"cond-expr","locations":[{"start":{"line":49,"column":47},"end":{"line":49,"column":70}},{"start":{"line":49,"column":73},"end":{"line":49,"column":82}}],"line":49},"4":{"loc":{"start":{"line":51,"column":8},"end":{"line":55,"column":9}},"type":"if","locations":[{"start":{"line":51,"column":8},"end":{"line":55,"column":9}},{"start":{"line":51,"column":8},"end":{"line":55,"column":9}}],"line":51}},"s":{"0":1,"1":1,"2":1,"3":1,"4":1,"5":1,"6":1,"7":0,"8":0,"9":0,"10":0,"11":0,"12":0,"13":0,"14":0,"15":0,"16":0,"17":0,"18":0,"19":0,"20":0,"21":0,"22":0,"23":0,"24":0,"25":1},"f":{"0":1,"1":0,"2":0,"3":0,"4":0},"b":{"0":[0,0],"1":[0,0],"2":[0,0],"3":[0,0],"4":[0,0]},"_coverageSchema":"1a1c01bbd47fc00a2c39e90264f33305004495a9","hash":"dd858bccb5bfbc461e03891a8eff9773e6eff073"}
,"/Users/hoang-giangvo/Projects/EIP/Front-End-Mobile/src/containers/ConfirmRoute.tsx": {"path":"/Users/hoang-giangvo/Projects/EIP/Front-End-Mobile/src/containers/ConfirmRoute.tsx","statementMap":{"0":{"start":{"line":30,"column":28},"end":{"line":196,"column":1}},"1":{"start":{"line":38,"column":36},"end":{"line":38,"column":70}},"2":{"start":{"line":39,"column":40},"end":{"line":39,"column":73}},"3":{"start":{"line":40,"column":36},"end":{"line":40,"column":56}},"4":{"start":{"line":41,"column":36},"end":{"line":41,"column":56}},"5":{"start":{"line":42,"column":25},"end":{"line":42,"column":56}},"6":{"start":{"line":44,"column":4},"end":{"line":52,"column":24}},"7":{"start":{"line":45,"column":8},"end":{"line":51,"column":9}},"8":{"start":{"line":46,"column":12},"end":{"line":46,"column":37}},"9":{"start":{"line":47,"column":12},"end":{"line":47,"column":30}},"10":{"start":{"line":49,"column":12},"end":{"line":49,"column":30}},"11":{"start":{"line":50,"column":12},"end":{"line":50,"column":34}},"12":{"start":{"line":54,"column":4},"end":{"line":75,"column":28}},"13":{"start":{"line":55,"column":8},"end":{"line":74,"column":34}},"14":{"start":{"line":57,"column":16},"end":{"line":72,"column":18}},"15":{"start":{"line":59,"column":20},"end":{"line":71,"column":21}},"16":{"start":{"line":60,"column":24},"end":{"line":64,"column":27}},"17":{"start":{"line":65,"column":24},"end":{"line":65,"column":31}},"18":{"start":{"line":67,"column":24},"end":{"line":67,"column":78}},"19":{"start":{"line":68,"column":24},"end":{"line":68,"column":78}},"20":{"start":{"line":69,"column":24},"end":{"line":70,"column":50}},"21":{"start":{"line":70,"column":28},"end":{"line":70,"column":50}},"22":{"start":{"line":74,"column":12},"end":{"line":74,"column":34}},"23":{"start":{"line":77,"column":29},"end":{"line":83,"column":5}},"24":{"start":{"line":78,"column":8},"end":{"line":82,"column":19}},"25":{"start":{"line":85,"column":32},"end":{"line":91,"column":5}},"26":{"start":{"line":86,"column":8},"end":{"line":90,"column":19}},"27":{"start":{"line":93,"column":29},"end":{"line":99,"column":5}},"28":{"start":{"line":94,"column":8},"end":{"line":98,"column":19}},"29":{"start":{"line":101,"column":32},"end":{"line":107,"column":5}},"30":{"start":{"line":102,"column":8},"end":{"line":106,"column":19}},"31":{"start":{"line":109,"column":24},"end":{"line":111,"column":5}},"32":{"start":{"line":110,"column":8},"end":{"line":110,"column":40}},"33":{"start":{"line":113,"column":24},"end":{"line":118,"column":5}},"34":{"start":{"line":114,"column":8},"end":{"line":114,"column":40}},"35":{"start":{"line":115,"column":8},"end":{"line":115,"column":45}},"36":{"start":{"line":116,"column":8},"end":{"line":116,"column":72}},"37":{"start":{"line":117,"column":8},"end":{"line":117,"column":77}},"38":{"start":{"line":120,"column":24},"end":{"line":124,"column":5}},"39":{"start":{"line":121,"column":8},"end":{"line":121,"column":27}},"40":{"start":{"line":122,"column":8},"end":{"line":122,"column":30}},"41":{"start":{"line":123,"column":8},"end":{"line":123,"column":29}},"42":{"start":{"line":126,"column":24},"end":{"line":129,"column":5}},"43":{"start":{"line":127,"column":8},"end":{"line":127,"column":30}},"44":{"start":{"line":128,"column":8},"end":{"line":128,"column":22}},"45":{"start":{"line":131,"column":28},"end":{"line":133,"column":5}},"46":{"start":{"line":132,"column":8},"end":{"line":132,"column":37}},"47":{"start":{"line":135,"column":30},"end":{"line":147,"column":5}},"48":{"start":{"line":136,"column":8},"end":{"line":146,"column":10}},"49":{"start":{"line":138,"column":12},"end":{"line":138,"column":79}},"50":{"start":{"line":139,"column":12},"end":{"line":145,"column":14}},"51":{"start":{"line":141,"column":16},"end":{"line":144,"column":18}},"52":{"start":{"line":149,"column":28},"end":{"line":175,"column":5}},"53":{"start":{"line":150,"column":31},"end":{"line":150,"column":51}},"54":{"start":{"line":151,"column":32},"end":{"line":151,"column":57}},"55":{"start":{"line":153,"column":8},"end":{"line":153,"column":69}},"56":{"start":{"line":154,"column":8},"end":{"line":157,"column":11}},"57":{"start":{"line":159,"column":8},"end":{"line":159,"column":63}},"58":{"start":{"line":160,"column":8},"end":{"line":163,"column":11}},"59":{"start":{"line":165,"column":8},"end":{"line":174,"column":9}},"60":{"start":{"line":167,"column":12},"end":{"line":173,"column":14}},"61":{"start":{"line":169,"column":16},"end":{"line":169,"column":70}},"62":{"start":{"line":170,"column":16},"end":{"line":170,"column":70}},"63":{"start":{"line":171,"column":16},"end":{"line":172,"column":42}},"64":{"start":{"line":172,"column":20},"end":{"line":172,"column":42}},"65":{"start":{"line":177,"column":4},"end":{"line":195,"column":5}}},"fnMap":{"0":{"name":"(anonymous_0)","decl":{"start":{"line":30,"column":28},"end":{"line":30,"column":29}},"loc":{"start":{"line":36,"column":26},"end":{"line":196,"column":1}},"line":36},"1":{"name":"(anonymous_1)","decl":{"start":{"line":44,"column":14},"end":{"line":44,"column":15}},"loc":{"start":{"line":44,"column":20},"end":{"line":52,"column":5}},"line":44},"2":{"name":"(anonymous_2)","decl":{"start":{"line":54,"column":14},"end":{"line":54,"column":15}},"loc":{"start":{"line":54,"column":20},"end":{"line":75,"column":5}},"line":54},"3":{"name":"(anonymous_3)","decl":{"start":{"line":58,"column":22},"end":{"line":58,"column":23}},"loc":{"start":{"line":58,"column":31},"end":{"line":72,"column":17}},"line":58},"4":{"name":"(anonymous_4)","decl":{"start":{"line":77,"column":29},"end":{"line":77,"column":30}},"loc":{"start":{"line":77,"column":35},"end":{"line":83,"column":5}},"line":77},"5":{"name":"(anonymous_5)","decl":{"start":{"line":85,"column":32},"end":{"line":85,"column":33}},"loc":{"start":{"line":85,"column":38},"end":{"line":91,"column":5}},"line":85},"6":{"name":"(anonymous_6)","decl":{"start":{"line":93,"column":29},"end":{"line":93,"column":30}},"loc":{"start":{"line":93,"column":35},"end":{"line":99,"column":5}},"line":93},"7":{"name":"(anonymous_7)","decl":{"start":{"line":101,"column":32},"end":{"line":101,"column":33}},"loc":{"start":{"line":101,"column":38},"end":{"line":107,"column":5}},"line":101},"8":{"name":"(anonymous_8)","decl":{"start":{"line":109,"column":24},"end":{"line":109,"column":25}},"loc":{"start":{"line":109,"column":51},"end":{"line":111,"column":5}},"line":109},"9":{"name":"(anonymous_9)","decl":{"start":{"line":113,"column":24},"end":{"line":113,"column":25}},"loc":{"start":{"line":113,"column":30},"end":{"line":118,"column":5}},"line":113},"10":{"name":"(anonymous_10)","decl":{"start":{"line":120,"column":24},"end":{"line":120,"column":25}},"loc":{"start":{"line":120,"column":40},"end":{"line":124,"column":5}},"line":120},"11":{"name":"(anonymous_11)","decl":{"start":{"line":126,"column":24},"end":{"line":126,"column":25}},"loc":{"start":{"line":126,"column":30},"end":{"line":129,"column":5}},"line":126},"12":{"name":"(anonymous_12)","decl":{"start":{"line":131,"column":28},"end":{"line":131,"column":29}},"loc":{"start":{"line":131,"column":34},"end":{"line":133,"column":5}},"line":131},"13":{"name":"(anonymous_13)","decl":{"start":{"line":135,"column":30},"end":{"line":135,"column":31}},"loc":{"start":{"line":135,"column":36},"end":{"line":147,"column":5}},"line":135},"14":{"name":"(anonymous_14)","decl":{"start":{"line":137,"column":14},"end":{"line":137,"column":15}},"loc":{"start":{"line":137,"column":23},"end":{"line":146,"column":9}},"line":137},"15":{"name":"(anonymous_15)","decl":{"start":{"line":140,"column":18},"end":{"line":140,"column":19}},"loc":{"start":{"line":140,"column":28},"end":{"line":145,"column":13}},"line":140},"16":{"name":"(anonymous_16)","decl":{"start":{"line":149,"column":28},"end":{"line":149,"column":29}},"loc":{"start":{"line":149,"column":34},"end":{"line":175,"column":5}},"line":149},"17":{"name":"(anonymous_17)","decl":{"start":{"line":168,"column":18},"end":{"line":168,"column":19}},"loc":{"start":{"line":168,"column":27},"end":{"line":173,"column":13}},"line":168}},"branchMap":{"0":{"loc":{"start":{"line":45,"column":8},"end":{"line":51,"column":9}},"type":"if","locations":[{"start":{"line":45,"column":8},"end":{"line":51,"column":9}},{"start":{"line":45,"column":8},"end":{"line":51,"column":9}}],"line":45},"1":{"loc":{"start":{"line":55,"column":8},"end":{"line":74,"column":34}},"type":"if","locations":[{"start":{"line":55,"column":8},"end":{"line":74,"column":34}},{"start":{"line":55,"column":8},"end":{"line":74,"column":34}}],"line":55},"2":{"loc":{"start":{"line":55,"column":12},"end":{"line":56,"column":109}},"type":"binary-expr","locations":[{"start":{"line":55,"column":13},"end":{"line":55,"column":53}},{"start":{"line":55,"column":57},"end":{"line":55,"column":98}},{"start":{"line":56,"column":13},"end":{"line":56,"column":58}},{"start":{"line":56,"column":62},"end":{"line":56,"column":108}}],"line":55},"3":{"loc":{"start":{"line":59,"column":20},"end":{"line":71,"column":21}},"type":"if","locations":[{"start":{"line":59,"column":20},"end":{"line":71,"column":21}},{"start":{"line":59,"column":20},"end":{"line":71,"column":21}}],"line":59},"4":{"loc":{"start":{"line":59,"column":24},"end":{"line":59,"column":94}},"type":"binary-expr","locations":[{"start":{"line":59,"column":24},"end":{"line":59,"column":40}},{"start":{"line":59,"column":44},"end":{"line":59,"column":63}},{"start":{"line":59,"column":67},"end":{"line":59,"column":94}}],"line":59},"5":{"loc":{"start":{"line":69,"column":24},"end":{"line":70,"column":50}},"type":"if","locations":[{"start":{"line":69,"column":24},"end":{"line":70,"column":50}},{"start":{"line":69,"column":24},"end":{"line":70,"column":50}}],"line":69},"6":{"loc":{"start":{"line":165,"column":8},"end":{"line":174,"column":9}},"type":"if","locations":[{"start":{"line":165,"column":8},"end":{"line":174,"column":9}},{"start":{"line":165,"column":8},"end":{"line":174,"column":9}}],"line":165},"7":{"loc":{"start":{"line":165,"column":12},"end":{"line":166,"column":105}},"type":"binary-expr","locations":[{"start":{"line":165,"column":13},"end":{"line":165,"column":53}},{"start":{"line":165,"column":57},"end":{"line":165,"column":98}},{"start":{"line":166,"column":9},"end":{"line":166,"column":54}},{"start":{"line":166,"column":58},"end":{"line":166,"column":104}}],"line":165},"8":{"loc":{"start":{"line":171,"column":16},"end":{"line":172,"column":42}},"type":"if","locations":[{"start":{"line":171,"column":16},"end":{"line":172,"column":42}},{"start":{"line":171,"column":16},"end":{"line":172,"column":42}}],"line":171}},"s":{"0":1,"1":0,"2":0,"3":0,"4":0,"5":0,"6":0,"7":0,"8":0,"9":0,"10":0,"11":0,"12":0,"13":0,"14":0,"15":0,"16":0,"17":0,"18":0,"19":0,"20":0,"21":0,"22":0,"23":0,"24":0,"25":0,"26":0,"27":0,"28":0,"29":0,"30":0,"31":0,"32":0,"33":0,"34":0,"35":0,"36":0,"37":0,"38":0,"39":0,"40":0,"41":0,"42":0,"43":0,"44":0,"45":0,"46":0,"47":0,"48":0,"49":0,"50":0,"51":0,"52":0,"53":0,"54":0,"55":0,"56":0,"57":0,"58":0,"59":0,"60":0,"61":0,"62":0,"63":0,"64":0,"65":0},"f":{"0":0,"1":0,"2":0,"3":0,"4":0,"5":0,"6":0,"7":0,"8":0,"9":0,"10":0,"11":0,"12":0,"13":0,"14":0,"15":0,"16":0,"17":0},"b":{"0":[0,0],"1":[0,0],"2":[0,0,0,0],"3":[0,0],"4":[0,0,0],"5":[0,0],"6":[0,0],"7":[0,0,0,0],"8":[0,0]},"_coverageSchema":"1a1c01bbd47fc00a2c39e90264f33305004495a9","hash":"3957c4b4c9b55635e1553ef9c17bd7469dc7ee59"}
,"/Users/hoang-giangvo/Projects/EIP/Front-End-Mobile/src/containers/ForgotPWD.tsx": {"path":"/Users/hoang-giangvo/Projects/EIP/Front-End-Mobile/src/containers/ForgotPWD.tsx","statementMap":{"0":{"start":{"line":9,"column":25},"end":{"line":64,"column":1}},"1":{"start":{"line":11,"column":28},"end":{"line":11,"column":40}},"2":{"start":{"line":12,"column":38},"end":{"line":12,"column":58}},"3":{"start":{"line":13,"column":36},"end":{"line":13,"column":60}},"4":{"start":{"line":14,"column":21},"end":{"line":14,"column":36}},"5":{"start":{"line":18,"column":24},"end":{"line":18,"column":68}},"6":{"start":{"line":19,"column":26},"end":{"line":19,"column":79}},"7":{"start":{"line":21,"column":4},"end":{"line":21,"column":33}},"8":{"start":{"line":23,"column":4},"end":{"line":38,"column":5}},"9":{"start":{"line":24,"column":6},"end":{"line":24,"column":25}},"10":{"start":{"line":25,"column":6},"end":{"line":37,"column":8}},"11":{"start":{"line":27,"column":8},"end":{"line":27,"column":28}},"12":{"start":{"line":28,"column":8},"end":{"line":31,"column":11}},"13":{"start":{"line":32,"column":8},"end":{"line":32,"column":28}},"14":{"start":{"line":35,"column":8},"end":{"line":35,"column":28}},"15":{"start":{"line":36,"column":8},"end":{"line":36,"column":25}},"16":{"start":{"line":42,"column":24},"end":{"line":42,"column":68}},"17":{"start":{"line":43,"column":26},"end":{"line":43,"column":79}},"18":{"start":{"line":45,"column":4},"end":{"line":49,"column":5}},"19":{"start":{"line":46,"column":6},"end":{"line":46,"column":35}},"20":{"start":{"line":48,"column":6},"end":{"line":48,"column":24}},"21":{"start":{"line":52,"column":2},"end":{"line":63,"column":4}}},"fnMap":{"0":{"name":"(anonymous_0)","decl":{"start":{"line":9,"column":25},"end":{"line":9,"column":26}},"loc":{"start":{"line":9,"column":44},"end":{"line":64,"column":1}},"line":9},"1":{"name":"onSubmit","decl":{"start":{"line":17,"column":11},"end":{"line":17,"column":19}},"loc":{"start":{"line":17,"column":35},"end":{"line":39,"column":3}},"line":17},"2":{"name":"(anonymous_2)","decl":{"start":{"line":26,"column":12},"end":{"line":26,"column":13}},"loc":{"start":{"line":26,"column":18},"end":{"line":33,"column":7}},"line":26},"3":{"name":"(anonymous_3)","decl":{"start":{"line":34,"column":13},"end":{"line":34,"column":14}},"loc":{"start":{"line":34,"column":20},"end":{"line":37,"column":7}},"line":34},"4":{"name":"checkEmail","decl":{"start":{"line":41,"column":11},"end":{"line":41,"column":21}},"loc":{"start":{"line":41,"column":37},"end":{"line":50,"column":3}},"line":41}},"branchMap":{"0":{"loc":{"start":{"line":19,"column":26},"end":{"line":19,"column":79}},"type":"cond-expr","locations":[{"start":{"line":19,"column":40},"end":{"line":19,"column":67}},{"start":{"line":19,"column":70},"end":{"line":19,"column":79}}],"line":19},"1":{"loc":{"start":{"line":23,"column":4},"end":{"line":38,"column":5}},"type":"if","locations":[{"start":{"line":23,"column":4},"end":{"line":38,"column":5}},{"start":{"line":23,"column":4},"end":{"line":38,"column":5}}],"line":23},"2":{"loc":{"start":{"line":43,"column":26},"end":{"line":43,"column":79}},"type":"cond-expr","locations":[{"start":{"line":43,"column":40},"end":{"line":43,"column":67}},{"start":{"line":43,"column":70},"end":{"line":43,"column":79}}],"line":43},"3":{"loc":{"start":{"line":45,"column":4},"end":{"line":49,"column":5}},"type":"if","locations":[{"start":{"line":45,"column":4},"end":{"line":49,"column":5}},{"start":{"line":45,"column":4},"end":{"line":49,"column":5}}],"line":45}},"s":{"0":1,"1":1,"2":1,"3":1,"4":1,"5":0,"6":0,"7":0,"8":0,"9":0,"10":0,"11":0,"12":0,"13":0,"14":0,"15":0,"16":0,"17":0,"18":0,"19":0,"20":0,"21":1},"f":{"0":1,"1":0,"2":0,"3":0,"4":0},"b":{"0":[0,0],"1":[0,0],"2":[0,0],"3":[0,0]},"_coverageSchema":"1a1c01bbd47fc00a2c39e90264f33305004495a9","hash":"087ece4fa3f48be82d7348c484ef6226c8ac3a00"}
,"/Users/hoang-giangvo/Projects/EIP/Front-End-Mobile/src/containers/Home.tsx": {"path":"/Users/hoang-giangvo/Projects/EIP/Front-End-Mobile/src/containers/Home.tsx","statementMap":{"0":{"start":{"line":21,"column":20},"end":{"line":255,"column":1}},"1":{"start":{"line":23,"column":19},"end":{"line":23,"column":32}},"2":{"start":{"line":24,"column":20},"end":{"line":24,"column":34}},"3":{"start":{"line":25,"column":16},"end":{"line":25,"column":26}},"4":{"start":{"line":26,"column":21},"end":{"line":26,"column":36}},"5":{"start":{"line":27,"column":24},"end":{"line":27,"column":69}},"6":{"start":{"line":27,"column":58},"end":{"line":27,"column":68}},"7":{"start":{"line":28,"column":36},"end":{"line":28,"column":55}},"8":{"start":{"line":29,"column":34},"end":{"line":29,"column":53}},"9":{"start":{"line":30,"column":38},"end":{"line":30,"column":72}},"10":{"start":{"line":31,"column":30},"end":{"line":31,"column":75}},"11":{"start":{"line":32,"column":40},"end":{"line":32,"column":85}},"12":{"start":{"line":33,"column":40},"end":{"line":33,"column":64}},"13":{"start":{"line":34,"column":40},"end":{"line":34,"column":60}},"14":{"start":{"line":35,"column":50},"end":{"line":35,"column":70}},"15":{"start":{"line":36,"column":34},"end":{"line":36,"column":60}},"16":{"start":{"line":37,"column":36},"end":{"line":37,"column":69}},"17":{"start":{"line":38,"column":36},"end":{"line":38,"column":89}},"18":{"start":{"line":41,"column":24},"end":{"line":41,"column":26}},"19":{"start":{"line":42,"column":26},"end":{"line":42,"column":36}},"20":{"start":{"line":43,"column":2},"end":{"line":43,"column":62}},"21":{"start":{"line":45,"column":2},"end":{"line":60,"column":17}},"22":{"start":{"line":46,"column":4},"end":{"line":59,"column":5}},"23":{"start":{"line":47,"column":6},"end":{"line":58,"column":7}},"24":{"start":{"line":48,"column":8},"end":{"line":57,"column":10}},"25":{"start":{"line":50,"column":10},"end":{"line":50,"column":66}},"26":{"start":{"line":51,"column":10},"end":{"line":51,"column":52}},"27":{"start":{"line":52,"column":10},"end":{"line":52,"column":64}},"28":{"start":{"line":53,"column":10},"end":{"line":53,"column":64}},"29":{"start":{"line":56,"column":10},"end":{"line":56,"column":20}},"30":{"start":{"line":62,"column":2},"end":{"line":78,"column":16}},"31":{"start":{"line":63,"column":4},"end":{"line":69,"column":5}},"32":{"start":{"line":64,"column":6},"end":{"line":68,"column":17}},"33":{"start":{"line":71,"column":4},"end":{"line":77,"column":5}},"34":{"start":{"line":72,"column":6},"end":{"line":76,"column":17}},"35":{"start":{"line":84,"column":2},"end":{"line":114,"column":9}},"36":{"start":{"line":85,"column":4},"end":{"line":87,"column":5}},"37":{"start":{"line":86,"column":6},"end":{"line":86,"column":76}},"38":{"start":{"line":89,"column":32},"end":{"line":106,"column":5}},"39":{"start":{"line":90,"column":26},"end":{"line":90,"column":76}},"40":{"start":{"line":92,"column":6},"end":{"line":105,"column":7}},"41":{"start":{"line":93,"column":8},"end":{"line":104,"column":10}},"42":{"start":{"line":95,"column":10},"end":{"line":95,"column":83}},"43":{"start":{"line":96,"column":10},"end":{"line":96,"column":71}},"44":{"start":{"line":97,"column":10},"end":{"line":100,"column":12}},"45":{"start":{"line":99,"column":12},"end":{"line":99,"column":44}},"46":{"start":{"line":103,"column":10},"end":{"line":103,"column":27}},"47":{"start":{"line":108,"column":4},"end":{"line":108,"column":26}},"48":{"start":{"line":110,"column":4},"end":{"line":113,"column":6}},"49":{"start":{"line":112,"column":6},"end":{"line":112,"column":37}},"50":{"start":{"line":116,"column":2},"end":{"line":151,"column":8}},"51":{"start":{"line":117,"column":30},"end":{"line":133,"column":6}},"52":{"start":{"line":119,"column":23},"end":{"line":119,"column":73}},"53":{"start":{"line":120,"column":6},"end":{"line":132,"column":7}},"54":{"start":{"line":121,"column":8},"end":{"line":121,"column":28}},"55":{"start":{"line":124,"column":8},"end":{"line":131,"column":10}},"56":{"start":{"line":129,"column":10},"end":{"line":129,"column":48}},"57":{"start":{"line":130,"column":10},"end":{"line":130,"column":50}},"58":{"start":{"line":135,"column":4},"end":{"line":150,"column":6}},"59":{"start":{"line":138,"column":6},"end":{"line":141,"column":8}},"60":{"start":{"line":140,"column":8},"end":{"line":140,"column":21}},"61":{"start":{"line":144,"column":6},"end":{"line":144,"column":22}},"62":{"start":{"line":145,"column":6},"end":{"line":145,"column":21}},"63":{"start":{"line":146,"column":6},"end":{"line":146,"column":45}},"64":{"start":{"line":147,"column":6},"end":{"line":147,"column":50}},"65":{"start":{"line":148,"column":6},"end":{"line":148,"column":25}},"66":{"start":{"line":149,"column":6},"end":{"line":149,"column":30}},"67":{"start":{"line":153,"column":29},"end":{"line":165,"column":3}},"68":{"start":{"line":154,"column":4},"end":{"line":164,"column":6}},"69":{"start":{"line":156,"column":6},"end":{"line":160,"column":7}},"70":{"start":{"line":157,"column":8},"end":{"line":157,"column":127}},"71":{"start":{"line":159,"column":8},"end":{"line":159,"column":132}},"72":{"start":{"line":163,"column":6},"end":{"line":163,"column":23}},"73":{"start":{"line":167,"column":24},"end":{"line":169,"column":3}},"74":{"start":{"line":168,"column":4},"end":{"line":168,"column":47}},"75":{"start":{"line":171,"column":27},"end":{"line":186,"column":3}},"76":{"start":{"line":172,"column":4},"end":{"line":185,"column":7}},"77":{"start":{"line":188,"column":25},"end":{"line":213,"column":3}},"78":{"start":{"line":189,"column":4},"end":{"line":212,"column":6}},"79":{"start":{"line":191,"column":6},"end":{"line":208,"column":8}},"80":{"start":{"line":193,"column":8},"end":{"line":193,"column":81}},"81":{"start":{"line":194,"column":8},"end":{"line":194,"column":67}},"82":{"start":{"line":195,"column":8},"end":{"line":204,"column":10}},"83":{"start":{"line":197,"column":10},"end":{"line":197,"column":78}},"84":{"start":{"line":198,"column":10},"end":{"line":198,"column":64}},"85":{"start":{"line":199,"column":10},"end":{"line":199,"column":41}},"86":{"start":{"line":202,"column":10},"end":{"line":202,"column":27}},"87":{"start":{"line":203,"column":10},"end":{"line":203,"column":20}},"88":{"start":{"line":207,"column":8},"end":{"line":207,"column":18}},"89":{"start":{"line":211,"column":6},"end":{"line":211,"column":16}},"90":{"start":{"line":215,"column":23},"end":{"line":221,"column":3}},"91":{"start":{"line":216,"column":4},"end":{"line":216,"column":45}},"92":{"start":{"line":217,"column":4},"end":{"line":217,"column":50}},"93":{"start":{"line":219,"column":4},"end":{"line":219,"column":23}},"94":{"start":{"line":220,"column":4},"end":{"line":220,"column":28}},"95":{"start":{"line":223,"column":2},"end":{"line":254,"column":4}}},"fnMap":{"0":{"name":"(anonymous_0)","decl":{"start":{"line":21,"column":20},"end":{"line":21,"column":21}},"loc":{"start":{"line":21,"column":39},"end":{"line":255,"column":1}},"line":21},"1":{"name":"(anonymous_1)","decl":{"start":{"line":27,"column":36},"end":{"line":27,"column":37}},"loc":{"start":{"line":27,"column":58},"end":{"line":27,"column":68}},"line":27},"2":{"name":"(anonymous_2)","decl":{"start":{"line":45,"column":12},"end":{"line":45,"column":13}},"loc":{"start":{"line":45,"column":18},"end":{"line":60,"column":3}},"line":45},"3":{"name":"(anonymous_3)","decl":{"start":{"line":49,"column":14},"end":{"line":49,"column":15}},"loc":{"start":{"line":49,"column":58},"end":{"line":54,"column":9}},"line":49},"4":{"name":"(anonymous_4)","decl":{"start":{"line":55,"column":15},"end":{"line":55,"column":16}},"loc":{"start":{"line":55,"column":24},"end":{"line":57,"column":9}},"line":55},"5":{"name":"(anonymous_5)","decl":{"start":{"line":62,"column":12},"end":{"line":62,"column":13}},"loc":{"start":{"line":62,"column":18},"end":{"line":78,"column":3}},"line":62},"6":{"name":"(anonymous_6)","decl":{"start":{"line":84,"column":12},"end":{"line":84,"column":13}},"loc":{"start":{"line":84,"column":18},"end":{"line":114,"column":3}},"line":84},"7":{"name":"(anonymous_7)","decl":{"start":{"line":89,"column":32},"end":{"line":89,"column":33}},"loc":{"start":{"line":89,"column":44},"end":{"line":106,"column":5}},"line":89},"8":{"name":"(anonymous_8)","decl":{"start":{"line":94,"column":14},"end":{"line":94,"column":15}},"loc":{"start":{"line":94,"column":60},"end":{"line":101,"column":9}},"line":94},"9":{"name":"(anonymous_9)","decl":{"start":{"line":98,"column":16},"end":{"line":98,"column":17}},"loc":{"start":{"line":98,"column":26},"end":{"line":100,"column":11}},"line":98},"10":{"name":"(anonymous_10)","decl":{"start":{"line":102,"column":15},"end":{"line":102,"column":16}},"loc":{"start":{"line":102,"column":24},"end":{"line":104,"column":9}},"line":102},"11":{"name":"(anonymous_11)","decl":{"start":{"line":111,"column":10},"end":{"line":111,"column":11}},"loc":{"start":{"line":111,"column":19},"end":{"line":113,"column":5}},"line":111},"12":{"name":"(anonymous_12)","decl":{"start":{"line":116,"column":12},"end":{"line":116,"column":13}},"loc":{"start":{"line":116,"column":18},"end":{"line":151,"column":3}},"line":116},"13":{"name":"(anonymous_13)","decl":{"start":{"line":117,"column":31},"end":{"line":117,"column":32}},"loc":{"start":{"line":117,"column":72},"end":{"line":133,"column":3}},"line":117},"14":{"name":"(anonymous_14)","decl":{"start":{"line":128,"column":11},"end":{"line":128,"column":12}},"loc":{"start":{"line":128,"column":25},"end":{"line":131,"column":9}},"line":128},"15":{"name":"(anonymous_15)","decl":{"start":{"line":135,"column":12},"end":{"line":135,"column":13}},"loc":{"start":{"line":135,"column":18},"end":{"line":150,"column":5}},"line":135},"16":{"name":"(anonymous_16)","decl":{"start":{"line":139,"column":12},"end":{"line":139,"column":13}},"loc":{"start":{"line":139,"column":21},"end":{"line":141,"column":7}},"line":139},"17":{"name":"(anonymous_17)","decl":{"start":{"line":153,"column":29},"end":{"line":153,"column":30}},"loc":{"start":{"line":153,"column":65},"end":{"line":165,"column":3}},"line":153},"18":{"name":"(anonymous_18)","decl":{"start":{"line":155,"column":10},"end":{"line":155,"column":11}},"loc":{"start":{"line":155,"column":19},"end":{"line":161,"column":5}},"line":155},"19":{"name":"(anonymous_19)","decl":{"start":{"line":162,"column":11},"end":{"line":162,"column":12}},"loc":{"start":{"line":162,"column":20},"end":{"line":164,"column":5}},"line":162},"20":{"name":"(anonymous_20)","decl":{"start":{"line":167,"column":24},"end":{"line":167,"column":25}},"loc":{"start":{"line":167,"column":40},"end":{"line":169,"column":3}},"line":167},"21":{"name":"(anonymous_21)","decl":{"start":{"line":171,"column":27},"end":{"line":171,"column":28}},"loc":{"start":{"line":171,"column":54},"end":{"line":186,"column":3}},"line":171},"22":{"name":"(anonymous_22)","decl":{"start":{"line":188,"column":25},"end":{"line":188,"column":26}},"loc":{"start":{"line":188,"column":31},"end":{"line":213,"column":3}},"line":188},"23":{"name":"(anonymous_23)","decl":{"start":{"line":190,"column":10},"end":{"line":190,"column":11}},"loc":{"start":{"line":190,"column":19},"end":{"line":209,"column":5}},"line":190},"24":{"name":"(anonymous_24)","decl":{"start":{"line":192,"column":12},"end":{"line":192,"column":13}},"loc":{"start":{"line":192,"column":21},"end":{"line":205,"column":7}},"line":192},"25":{"name":"(anonymous_25)","decl":{"start":{"line":196,"column":14},"end":{"line":196,"column":15}},"loc":{"start":{"line":196,"column":23},"end":{"line":200,"column":9}},"line":196},"26":{"name":"(anonymous_26)","decl":{"start":{"line":201,"column":15},"end":{"line":201,"column":16}},"loc":{"start":{"line":201,"column":24},"end":{"line":204,"column":9}},"line":201},"27":{"name":"(anonymous_27)","decl":{"start":{"line":206,"column":13},"end":{"line":206,"column":14}},"loc":{"start":{"line":206,"column":22},"end":{"line":208,"column":7}},"line":206},"28":{"name":"(anonymous_28)","decl":{"start":{"line":210,"column":11},"end":{"line":210,"column":12}},"loc":{"start":{"line":210,"column":20},"end":{"line":212,"column":5}},"line":210},"29":{"name":"(anonymous_29)","decl":{"start":{"line":215,"column":23},"end":{"line":215,"column":24}},"loc":{"start":{"line":215,"column":29},"end":{"line":221,"column":3}},"line":215}},"branchMap":{"0":{"loc":{"start":{"line":46,"column":4},"end":{"line":59,"column":5}},"type":"if","locations":[{"st
[...]
mn":56}},"40":{"start":{"line":110,"column":6},"end":{"line":110,"column":64}},"41":{"start":{"line":111,"column":6},"end":{"line":111,"column":64}},"42":{"start":{"line":116,"column":48},"end":{"line":116,"column":65}}},"fnMap":{"0":{"name":"(anonymous_0)","decl":{"start":{"line":41,"column":2},"end":{"line":41,"column":3}},"loc":{"start":{"line":41,"column":57},"end":{"line":45,"column":3}},"line":41},"1":{"name":"(anonymous_1)","decl":{"start":{"line":50,"column":2},"end":{"line":50,"column":3}},"loc":{"start":{"line":50,"column":88},"end":{"line":53,"column":3}},"line":50},"2":{"name":"(anonymous_2)","decl":{"start":{"line":58,"column":2},"end":{"line":58,"column":3}},"loc":{"start":{"line":58,"column":68},"end":{"line":63,"column":3}},"line":58},"3":{"name":"(anonymous_3)","decl":{"start":{"line":70,"column":16},"end":{"line":70,"column":17}},"loc":{"start":{"line":70,"column":25},"end":{"line":70,"column":37}},"line":70},"4":{"name":"(anonymous_4)","decl":{"start":{"line":71,"column":22},"end":{"line":71,"column":23}},"loc":{"start":{"line":71,"column":33},"end":{"line":75,"column":5}},"line":71},"5":{"name":"(anonymous_5)","decl":{"start":{"line":77,"column":17},"end":{"line":77,"column":18}},"loc":{"start":{"line":77,"column":30},"end":{"line":113,"column":3}},"line":77},"6":{"name":"(anonymous_6)","decl":{"start":{"line":78,"column":39},"end":{"line":78,"column":40}},"loc":{"start":{"line":78,"column":50},"end":{"line":80,"column":5}},"line":78},"7":{"name":"(anonymous_7)","decl":{"start":{"line":81,"column":41},"end":{"line":81,"column":42}},"loc":{"start":{"line":81,"column":60},"end":{"line":87,"column":5}},"line":81},"8":{"name":"(anonymous_8)","decl":{"start":{"line":88,"column":40},"end":{"line":88,"column":41}},"loc":{"start":{"line":88,"column":51},"end":{"line":90,"column":5}},"line":88},"9":{"name":"(anonymous_9)","decl":{"start":{"line":91,"column":42},"end":{"line":91,"column":43}},"loc":{"start":{"line":91,"column":53},"end":{"line":93,"column":5}},"line":91},"10":{"name":"(anonymous_10)","decl":{"start":{"line":94,"column":44},"end":{"line":94,"column":45}},"loc":{"start":{"line":94,"column":63},"end":{"line":100,"column":5}},"line":94},"11":{"name":"(anonymous_11)","decl":{"start":{"line":101,"column":43},"end":{"line":101,"column":44}},"loc":{"start":{"line":101,"column":54},"end":{"line":103,"column":5}},"line":101},"12":{"name":"(anonymous_12)","decl":{"start":{"line":104,"column":39},"end":{"line":104,"column":40}},"loc":{"start":{"line":104,"column":58},"end":{"line":112,"column":5}},"line":104}},"branchMap":{"0":{"loc":{"start":{"line":72,"column":6},"end":{"line":74,"column":7}},"type":"if","locations":[{"start":{"line":72,"column":6},"end":{"line":74,"column":7}},{"start":{"line":72,"column":6},"end":{"line":74,"column":7}}],"line":72}},"s":{"0":1,"1":1,"2":0,"3":0,"4":1,"5":0,"6":0,"7":1,"8":0,"9":0,"10":1,"11":0,"12":0,"13":0,"14":1,"15":0,"16":1,"17":0,"18":0,"19":0,"20":0,"21":0,"22":1,"23":0,"24":1,"25":0,"26":1,"27":0,"28":0,"29":0,"30":0,"31":0,"32":1,"33":0,"34":1,"35":0,"36":0,"37":0,"38":0,"39":0,"40":0,"41":0,"42":1},"f":{"0":0,"1":0,"2":0,"3":0,"4":0,"5":1,"6":0,"7":0,"8":0,"9":0,"10":0,"11":0,"12":0},"b":{"0":[0,0]},"_coverageSchema":"1a1c01bbd47fc00a2c39e90264f33305004495a9","hash":"7af0c91bc184ffdee99c2f1a0f584d59305e2ac0"}
,"/Users/hoang-giangvo/Projects/EIP/Front-End-Mobile/src/services/google.services.ts": {"path":"/Users/hoang-giangvo/Projects/EIP/Front-End-Mobile/src/services/google.services.ts","statementMap":{"0":{"start":{"line":6,"column":4},"end":{"line":14,"column":5}},"1":{"start":{"line":7,"column":72},"end":{"line":7,"column":316}},"2":{"start":{"line":9,"column":8},"end":{"line":9,"column":24}},"3":{"start":{"line":11,"column":72},"end":{"line":11,"column":281}},"4":{"start":{"line":13,"column":8},"end":{"line":13,"column":24}},"5":{"start":{"line":18,"column":56},"end":{"line":18,"column":245}},"6":{"start":{"line":20,"column":4},"end":{"line":20,"column":20}},"7":{"start":{"line":24,"column":56},"end":{"line":24,"column":247}},"8":{"start":{"line":26,"column":4},"end":{"line":26,"column":20}},"9":{"start":{"line":30,"column":59},"end":{"line":30,"column":293}},"10":{"start":{"line":32,"column":4},"end":{"line":32,"column":20}},"11":{"start":{"line":36,"column":21},"end":{"line":36,"column":284}},"12":{"start":{"line":38,"column":4},"end":{"line":38,"column":20}},"13":{"start":{"line":42,"column":21},"end":{"line":42,"column":295}},"14":{"start":{"line":44,"column":4},"end":{"line":44,"column":20}},"15":{"start":{"line":47,"column":30},"end":{"line":54,"column":1}}},"fnMap":{"0":{"name":"getPlaces","decl":{"start":{"line":5,"column":15},"end":{"line":5,"column":24}},"loc":{"start":{"line":5,"column":133},"end":{"line":15,"column":1}},"line":5},"1":{"name":"getCoords","decl":{"start":{"line":17,"column":15},"end":{"line":17,"column":24}},"loc":{"start":{"line":17,"column":84},"end":{"line":21,"column":1}},"line":17},"2":{"name":"getReverseCoords","decl":{"start":{"line":23,"column":15},"end":{"line":23,"column":31}},"loc":{"start":{"line":23,"column":113},"end":{"line":27,"column":1}},"line":23},"3":{"name":"getDirection","decl":{"start":{"line":29,"column":15},"end":{"line":29,"column":27}},"loc":{"start":{"line":29,"column":112},"end":{"line":33,"column":1}},"line":29},"4":{"name":"getPlacesSearch","decl":{"start":{"line":35,"column":15},"end":{"line":35,"column":30}},"loc":{"start":{"line":35,"column":96},"end":{"line":39,"column":1}},"line":35},"5":{"name":"getDirections","decl":{"start":{"line":41,"column":15},"end":{"line":41,"column":28}},"loc":{"start":{"line":41,"column":143},"end":{"line":45,"column":1}},"line":41}},"branchMap":{"0":{"loc":{"start":{"line":6,"column":4},"end":{"line":14,"column":5}},"type":"if","locations":[{"start":{"line":6,"column":4},"end":{"line":14,"column":5}},{"start":{"line":6,"column":4},"end":{"line":14,"column":5}}],"line":6},"1":{"loc":{"start":{"line":6,"column":8},"end":{"line":6,"column":41}},"type":"binary-expr","locations":[{"start":{"line":6,"column":8},"end":{"line":6,"column":22}},{"start":{"line":6,"column":26},"end":{"line":6,"column":41}}],"line":6}},"s":{"0":0,"1":0,"2":0,"3":0,"4":0,"5":0,"6":0,"7":0,"8":0,"9":0,"10":0,"11":0,"12":0,"13":0,"14":0,"15":1},"f":{"0":0,"1":0,"2":0,"3":0,"4":0,"5":0},"b":{"0":[0,0],"1":[0,0]},"_coverageSchema":"1a1c01bbd47fc00a2c39e90264f33305004495a9","hash":"4d8ab7bea29ba6327660c6ec59624ed72725855a"}
,"/Users/hoang-giangvo/Projects/EIP/Front-End-Mobile/src/services/index.ts": {"path":"/Users/hoang-giangvo/Projects/EIP/Front-End-Mobile/src/services/index.ts","statementMap":{},"fnMap":{},"branchMap":{},"s":{},"f":{},"b":{},"_coverageSchema":"1a1c01bbd47fc00a2c39e90264f33305004495a9","hash":"2a14a7808a9e1c8ab17e9e3d3e2e56e07ac3f73a"}
,"/Users/hoang-giangvo/Projects/EIP/Front-End-Mobile/src/services/safeplace.services.ts": {"path":"/Users/hoang-giangvo/Projects/EIP/Front-End-Mobile/src/services/safeplace.services.ts","statementMap":{"0":{"start":{"line":7,"column":58},"end":{"line":7,"column":212}},"1":{"start":{"line":9,"column":4},"end":{"line":9,"column":20}},"2":{"start":{"line":13,"column":56},"end":{"line":13,"column":214}},"3":{"start":{"line":15,"column":4},"end":{"line":15,"column":20}},"4":{"start":{"line":20,"column":49},"end":{"line":20,"column":280}},"5":{"start":{"line":22,"column":4},"end":{"line":22,"column":20}},"6":{"start":{"line":26,"column":66},"end":{"line":26,"column":226}},"7":{"start":{"line":28,"column":4},"end":{"line":28,"column":20}},"8":{"start":{"line":32,"column":67},"end":{"line":32,"column":230}},"9":{"start":{"line":34,"column":4},"end":{"line":34,"column":20}},"10":{"start":{"line":38,"column":21},"end":{"line":38,"column":167}},"11":{"start":{"line":40,"column":4},"end":{"line":40,"column":20}},"12":{"start":{"line":44,"column":21},"end":{"line":50,"column":86}},"13":{"start":{"line":52,"column":4},"end":{"line":52,"column":20}},"14":{"start":{"line":56,"column":49},"end":{"line":63,"column":86}},"15":{"start":{"line":65,"column":4},"end":{"line":65,"column":20}},"16":{"start":{"line":69,"column":56},"end":{"line":75,"column":86}},"17":{"start":{"line":77,"column":4},"end":{"line":77,"column":20}},"18":{"start":{"line":82,"column":21},"end":{"line":82,"column":295}},"19":{"start":{"line":83,"column":24},"end":{"line":83,"column":26}},"20":{"start":{"line":85,"column":4},"end":{"line":90,"column":6}},"21":{"start":{"line":86,"column":22},"end":{"line":86,"column":63}},"22":{"start":{"line":87,"column":8},"end":{"line":89,"column":10}},"23":{"start":{"line":88,"column":12},"end":{"line":88,"column":120}},"24":{"start":{"line":95,"column":22},"end":{"line":98,"column":86}},"25":{"start":{"line":100,"column":4},"end":{"line":100,"column":26}},"26":{"start":{"line":103,"column":33},"end":{"line":114,"column":1}}},"fnMap":{"0":{"name":"getSafeplace","decl":{"start":{"line":6,"column":15},"end":{"line":6,"column":27}},"loc":{"start":{"line":6,"column":89},"end":{"line":10,"column":1}},"line":6},"1":{"name":"getSafeplaceId","decl":{"start":{"line":12,"column":15},"end":{"line":12,"column":29}},"loc":{"start":{"line":12,"column":101},"end":{"line":16,"column":1}},"line":12},"2":{"name":"setCommentSafeplace","decl":{"start":{"line":18,"column":15},"end":{"line":18,"column":34}},"loc":{"start":{"line":18,"column":156},"end":{"line":23,"column":1}},"line":18},"3":{"name":"getCommentSafeplace","decl":{"start":{"line":25,"column":15},"end":{"line":25,"column":34}},"loc":{"start":{"line":25,"column":104},"end":{"line":29,"column":1}},"line":25},"4":{"name":"getRecurringPlaces","decl":{"start":{"line":31,"column":15},"end":{"line":31,"column":33}},"loc":{"start":{"line":31,"column":104},"end":{"line":35,"column":1}},"line":31},"5":{"name":"deleteRecurringPlace","decl":{"start":{"line":37,"column":15},"end":{"line":37,"column":35}},"loc":{"start":{"line":37,"column":83},"end":{"line":41,"column":1}},"line":37},"6":{"name":"editRecurringPlace","decl":{"start":{"line":43,"column":15},"end":{"line":43,"column":33}},"loc":{"start":{"line":43,"column":153},"end":{"line":53,"column":1}},"line":43},"7":{"name":"createRecurringPlace","decl":{"start":{"line":55,"column":15},"end":{"line":55,"column":35}},"loc":{"start":{"line":55,"column":176},"end":{"line":66,"column":1}},"line":55},"8":{"name":"getSafeplaceNearest","decl":{"start":{"line":68,"column":15},"end":{"line":68,"column":34}},"loc":{"start":{"line":68,"column":131},"end":{"line":78,"column":1}},"line":68},"9":{"name":"getWaypoints","decl":{"start":{"line":81,"column":15},"end":{"line":81,"column":27}},"loc":{"start":{"line":81,"column":157},"end":{"line":101,"column":1}},"line":81},"10":{"name":"(anonymous_10)","decl":{"start":{"line":85,"column":46},"end":{"line":85,"column":47}},"loc":{"start":{"line":85,"column":57},"end":{"line":90,"column":5}},"line":85},"11":{"name":"(anonymous_11)","decl":{"start":{"line":87,"column":35},"end":{"line":87,"column":36}},"loc":{"start":{"line":87,"column":47},"end":{"line":89,"column":9}},"line":87}},"branchMap":{},"s":{"0":0,"1":0,"2":0,"3":0,"4":0,"5":0,"6":0,"7":0,"8":1,"9":0,"10":0,"11":0,"12":0,"13":0,"14":0,"15":0,"16":0,"17":0,"18":0,"19":0,"20":0,"21":0,"22":0,"23":0,"24":0,"25":0,"26":1},"f":{"0":0,"1":0,"2":0,"3":0,"4":1,"5":0,"6":0,"7":0,"8":0,"9":0,"10":0,"11":0},"b":{},"_coverageSchema":"1a1c01bbd47fc00a2c39e90264f33305004495a9","hash":"1709b26ab0ceee0e0221596a659adf7d65218401"}
,"/Users/hoang-giangvo/Projects/EIP/Front-End-Mobile/src/services/user.services.ts": {"path":"/Users/hoang-giangvo/Projects/EIP/Front-End-Mobile/src/services/user.services.ts","statementMap":{"0":{"start":{"line":14,"column":52},"end":{"line":18,"column":6}},"1":{"start":{"line":20,"column":2},"end":{"line":20,"column":18}},"2":{"start":{"line":24,"column":52},"end":{"line":29,"column":4}},"3":{"start":{"line":31,"column":2},"end":{"line":31,"column":18}},"4":{"start":{"line":35,"column":47},"end":{"line":35,"column":128}},"5":{"start":{"line":37,"column":2},"end":{"line":37,"column":18}},"6":{"start":{"line":41,"column":47},"end":{"line":41,"column":168}},"7":{"start":{"line":43,"column":2},"end":{"line":43,"column":18}},"8":{"start":{"line":47,"column":20},"end":{"line":47,"column":22}},"9":{"start":{"line":49,"column":2},"end":{"line":65,"column":3}},"10":{"start":{"line":50,"column":4},"end":{"line":53,"column":6}},"11":{"start":{"line":54,"column":9},"end":{"line":65,"column":3}},"12":{"start":{"line":55,"column":4},"end":{"line":58,"column":5}},"13":{"start":{"line":59,"column":9},"end":{"line":65,"column":3}},"14":{"start":{"line":60,"column":4},"end":{"line":64,"column":5}},"15":{"start":{"line":67,"column":19},"end":{"line":67,"column":155}},"16":{"start":{"line":69,"column":2},"end":{"line":69,"column":18}},"17":{"start":{"line":73,"column":52},"end":{"line":73,"column":197}},"18":{"start":{"line":75,"column":2},"end":{"line":75,"column":18}},"19":{"start":{"line":79,"column":19},"end":{"line":79,"column":149}},"20":{"start":{"line":81,"column":2},"end":{"line":81,"column":18}},"21":{"start":{"line":84,"column":28},"end":{"line":92,"column":1}}},"fnMap":{"0":{"name":"login","decl":{"start":{"line":7,"column":15},"end":{"line":7,"column":20}},"loc":{"start":{"line":13,"column":45},"end":{"line":21,"column":1}},"line":13},"1":{"name":"register","decl":{"start":{"line":23,"column":15},"end":{"line":23,"column":23}},"loc":{"start":{"line":23,"column":148},"end":{"line":32,"column":1}},"line":23},"2":{"name":"forgotPassword","decl":{"start":{"line":34,"column":15},"end":{"line":34,"column":29}},"loc":{"start":{"line":34,"column":82},"end":{"line":38,"column":1}},"line":34},"3":{"name":"changePassword","decl":{"start":{"line":40,"column":15},"end":{"line":40,"column":29}},"loc":{"start":{"line":40,"column":116},"end":{"line":44,"column":1}},"line":40},"4":{"name":"updateUser","decl":{"start":{"line":46,"column":15},"end":{"line":46,"column":25}},"loc":{"start":{"line":46,"column":108},"end":{"line":70,"column":1}},"line":46},"5":{"name":"getUser","decl":{"start":{"line":72,"column":15},"end":{"line":72,"column":22}},"loc":{"start":{"line":72,"column":96},"end":{"line":76,"column":1}},"line":72},"6":{"name":"deleteUser","decl":{"start":{"line":78,"column":15},"end":{"line":78,"column":25}},"loc":{"start":{"line":78,"column":72},"end":{"line":82,"column":1}},"line":78}},"branchMap":{"0":{"loc":{"start":{"line":49,"column":2},"end":{"line":65,"column":3}},"type":"if","locations":[{"start":{"line":49,"column":2},"end":{"line":65,"column":3}},{"start":{"line":49,"column":2},"end":{"line":65,"column":3}}],"line":49},"1":{"loc":{"start":{"line":49,"column":6},"end":{"line":49,"column":47}},"type":"binary-expr","locations":[{"start":{"line":49,"column":6},"end":{"line":49,"column":22}},{"start":{"line":49,"column":26},"end":{"line":49,"column":47}}],"line":49},"2":{"loc":{"start":{"line":54,"column":9},"end":{"line":65,"column":3}},"type":"if","locations":[{"start":{"line":54,"column":9},"end":{"line":65,"column":3}},{"start":{"line":54,"column":9},"end":{"line":65,"column":3}}],"line":54},"3":{"loc":{"start":{"line":54,"column":13},"end":{"line":54,"column":54}},"type":"binary-expr","locations":[{"start":{"line":54,"column":13},"end":{"line":54,"column":32}},{"start":{"line":54,"column":36},"end":{"line":54,"column":54}}],"line":54},"4":{"loc":{"start":{"line":59,"column":9},"end":{"line":65,"column":3}},"type":"if","locations":[{"start":{"line":59,"column":9},"end":{"line":65,"column":3}},{"start":{"line":59,"column":9},"end":{"line":65,"column":3}}],"line":59},"5":{"loc":{"start":{"line":59,"column":13},"end":{"line":59,"column":52}},"type":"binary-expr","locations":[{"start":{"line":59,"column":13},"end":{"line":59,"column":29}},{"start":{"line":59,"column":33},"end":{"line":59,"column":52}}],"line":59}},"s":{"0":0,"1":0,"2":0,"3":0,"4":0,"5":0,"6":0,"7":0,"8":0,"9":0,"10":0,"11":0,"12":0,"13":0,"14":0,"15":0,"16":0,"17":0,"18":0,"19":0,"20":0,"21":1},"f":{"0":0,"1":0,"2":0,"3":0,"4":0,"5":0,"6":0},"b":{"0":[0,0],"1":[0,0],"2":[0,0],"3":[0,0],"4":[0,0],"5":[0,0]},"_coverageSchema":"1a1c01bbd47fc00a2c39e90264f33305004495a9","hash":"43d4a2e6aab3fdd521509a8c85ae0488803cf8d3"}
,"/Users/hoang-giangvo/Projects/EIP/Front-End-Mobile/src/styles/index.ts": {"path":"/Users/hoang-giangvo/Projects/EIP/Front-End-Mobile/src/styles/index.ts","statementMap":{},"fnMap":{},"branchMap":{},"s":{},"f":{},"b":{},"_coverageSchema":"1a1c01bbd47fc00a2c39e90264f33305004495a9","hash":"102b7013793878b224891e66745a0f6a2f727a04"}
,"/Users/hoang-giangvo/Projects/EIP/Front-End-Mobile/src/styles/styles.ts": {"path":"/Users/hoang-giangvo/Projects/EIP/Front-End-Mobile/src/styles/styles.ts","statementMap":{"0":{"start":{"line":5,"column":36},"end":{"line":14,"column":1}},"1":{"start":{"line":24,"column":16},"end":{"line":24,"column":28}},"2":{"start":{"line":26,"column":21},"end":{"line":58,"column":1}},"3":{"start":{"line":61,"column":22},"end":{"line":90,"column":2}}},"fnMap":{},"branchMap":{},"s":{"0":1,"1":1,"2":1,"3":1},"f":{},"b":{},"_coverageSchema":"1a1c01bbd47fc00a2c39e90264f33305004495a9","hash":"a47eabf0c8a6f12dcdb590721b06ea754095c288"}
,"/Users/hoang-giangvo/Projects/EIP/Front-End-Mobile/src/utils/constraints.ts": {"path":"/Users/hoang-giangvo/Projects/EIP/Front-End-Mobile/src/utils/constraints.ts","statementMap":{"0":{"start":{"line":1,"column":27},"end":{"line":27,"column":3}}},"fnMap":{},"branchMap":{},"s":{"0":1},"f":{},"b":{},"_coverageSchema":"1a1c01bbd47fc00a2c39e90264f33305004495a9","hash":"5cafb0480d852aa3d38ffa4618abe688813b566f"}
,"/Users/hoang-giangvo/Projects/EIP/Front-End-Mobile/src/utils/hooks.ts": {"path":"/Users/hoang-giangvo/Projects/EIP/Front-End-Mobile/src/utils/hooks.ts","statementMap":{"0":{"start":{"line":4,"column":63},"end":{"line":4,"column":74}},"1":{"start":{"line":5,"column":30},"end":{"line":5,"column":62}},"2":{"start":{"line":5,"column":36},"end":{"line":5,"column":62}}},"fnMap":{"0":{"name":"(anonymous_0)","decl":{"start":{"line":5,"column":30},"end":{"line":5,"column":31}},"loc":{"start":{"line":5,"column":36},"end":{"line":5,"column":62}},"line":5}},"branchMap":{},"s":{"0":1,"1":1,"2":3},"f":{"0":3},"b":{},"_coverageSchema":"1a1c01bbd47fc00a2c39e90264f33305004495a9","hash":"288c41df331593accfdd6f07a1e26debd0dca3fb"}
,"/Users/hoang-giangvo/Projects/EIP/Front-End-Mobile/src/utils/isAppLaunched.ts": {"path":"/Users/hoang-giangvo/Projects/EIP/Front-End-Mobile/src/utils/isAppLaunched.ts","statementMap":{"0":{"start":{"line":2,"column":43},"end":{"line":2,"column":48}}},"fnMap":{},"branchMap":{},"s":{"0":1},"f":{},"b":{},"_coverageSchema":"1a1c01bbd47fc00a2c39e90264f33305004495a9","hash":"b5e7a87d87b27fb0ea490d87ee1e396dbf2fa8fe"}
,"/Users/hoang-giangvo/Projects/EIP/Front-End-Mobile/src/utils/utils.ts": {"path":"/Users/hoang-giangvo/Projects/EIP/Front-End-Mobile/src/utils/utils.ts","statementMap":{"0":{"start":{"line":1,"column":37},"end":{"line":8,"column":1}},"1":{"start":{"line":2,"column":16},"end":{"line":2,"column":87}},"2":{"start":{"line":3,"column":24},"end":{"line":3,"column":40}},"3":{"start":{"line":4,"column":18},"end":{"line":4,"column":32}},"4":{"start":{"line":5,"column":19},"end":{"line":5,"column":33}},"5":{"start":{"line":7,"column":4},"end":{"line":7,"column":42}}},"fnMap":{"0":{"name":"(anonymous_0)","decl":{"start":{"line":1,"column":37},"end":{"line":1,"column":38}},"loc":{"start":{"line":1,"column":54},"end":{"line":8,"column":1}},"line":1}},"branchMap":{},"s":{"0":1,"1":0,"2":0,"3":0,"4":0,"5":0},"f":{"0":0},"b":{},"_coverageSchema":"1a1c01bbd47fc00a2c39e90264f33305004495a9","hash":"5a6cd857941feef6037b26d05036f6d62333238f"}
,"/Users/hoang-giangvo/Projects/EIP/Front-End-Mobile/types/general.ts": {"path":"/Users/hoang-giangvo/Projects/EIP/Front-End-Mobile/types/general.ts","statementMap":{},"fnMap":{},"branchMap":{},"s":{},"f":{},"b":{},"_coverageSchema":"1a1c01bbd47fc00a2c39e90264f33305004495a9","hash":"239a928c9a7b9897e99995a3fdcfc2ec4a6610b6"}
}
