TN:
SF:src/components/ChangePWD.tsx
FN:16,(anonymous_0)
FN:31,(anonymous_1)
FN:45,(anonymous_2)
FN:56,(anonymous_3)
FNF:4
FNH:1
FNDA:1,(anonymous_0)
FNDA:0,(anonymous_1)
FNDA:0,(anonymous_2)
FNDA:0,(anonymous_3)
DA:16,1
DA:18,1
DA:20,1
DA:21,1
DA:23,1
DA:31,0
DA:45,0
DA:56,0
LF:8
LH:5
BRDA:18,0,0,0
BRDA:18,0,1,1
BRDA:38,1,0,0
BRDA:38,1,1,1
BRF:4
BRH:2
end_of_record
TN:
SF:src/components/ConfirmRoute.tsx
FN:24,(anonymous_0)
FN:67,(anonymous_1)
FN:107,(anonymous_2)
FN:129,(anonymous_3)
FN:152,(anonymous_4)
FN:167,(anonymous_5)
FN:225,(anonymous_6)
FNF:7
FNH:0
FNDA:0,(anonymous_0)
FNDA:0,(anonymous_1)
FNDA:0,(anonymous_2)
FNDA:0,(anonymous_3)
FNDA:0,(anonymous_4)
FNDA:0,(anonymous_5)
FNDA:0,(anonymous_6)
DA:24,1
DA:37,0
DA:68,0
DA:108,0
DA:130,0
DA:153,0
DA:168,0
DA:226,0
DA:240,1
LF:9
LH:2
BRF:0
BRH:0
end_of_record
TN:
SF:src/components/ForgotPWD.tsx
FN:14,(anonymous_0)
FN:31,(anonymous_1)
FN:44,(anonymous_2)
FNF:3
FNH:1
FNDA:1,(anonymous_0)
FNDA:0,(anonymous_1)
FNDA:0,(anonymous_2)
DA:14,1
DA:16,1
DA:18,1
DA:19,1
DA:21,1
DA:31,0
DA:44,0
LF:7
LH:5
BRDA:16,0,0,0
BRDA:16,0,1,1
BRDA:37,1,0,0
BRDA:37,1,1,1
BRF:4
BRH:2
end_of_record
TN:
SF:src/components/Home.tsx
FN:45,(anonymous_0)
FN:81,(anonymous_1)
FN:86,(anonymous_2)
FN:89,(anonymous_3)
FN:101,(anonymous_4)
FN:106,(anonymous_5)
FN:139,(anonymous_6)
FN:159,(anonymous_7)
FN:178,(anonymous_8)
FN:217,(anonymous_9)
FNF:10
FNH:0
FNDA:0,(anonymous_0)
FNDA:0,(anonymous_1)
FNDA:0,(anonymous_2)
FNDA:0,(anonymous_3)
FNDA:0,(anonymous_4)
FNDA:0,(anonymous_5)
FNDA:0,(anonymous_6)
FNDA:0,(anonymous_7)
FNDA:0,(anonymous_8)
FNDA:0,(anonymous_9)
DA:45,1
DA:62,0
DA:64,0
DA:65,0
DA:82,0
DA:83,0
DA:84,0
DA:87,0
DA:90,0
DA:102,0
DA:106,0
DA:140,0
DA:141,0
DA:142,0
DA:144,0
DA:160,0
DA:161,0
DA:179,0
DA:218,0
DA:282,0
DA:286,1
LF:21
LH:2
BRDA:64,0,0,0
BRDA:64,0,1,0
BRDA:64,1,0,0
BRDA:64,1,1,0
BRDA:83,2,0,0
BRDA:83,2,1,0
BRDA:83,3,0,0
BRDA:83,3,1,0
BRDA:93,4,0,0
BRDA:93,4,1,0
BRDA:101,5,0,0
BRDA:101,5,1,0
BRDA:101,6,0,0
BRDA:101,6,1,0
BRDA:101,6,2,0
BRDA:103,7,0,0
BRDA:103,7,1,0
BRDA:103,8,0,0
BRDA:103,8,1,0
BRDA:103,9,0,0
BRDA:103,9,1,0
BRDA:103,10,0,0
BRDA:103,10,1,0
BRDA:110,11,0,0
BRDA:110,11,1,0
BRDA:110,12,0,0
BRDA:110,12,1,0
BRDA:128,13,0,0
BRDA:128,13,1,0
BRDA:140,14,0,0
BRDA:140,14,1,0
BRDA:160,15,0,0
BRDA:160,15,1,0
BRDA:160,16,0,0
BRDA:160,16,1,0
BRDA:189,17,0,0
BRDA:189,17,1,0
BRF:37
BRH:0
end_of_record
TN:
SF:src/components/InputAddress.tsx
FN:19,(anonymous_0)
FN:65,(anonymous_1)
FN:78,(anonymous_2)
FN:83,(anonymous_3)
FN:121,(anonymous_4)
FN:128,(anonymous_5)
FNF:6
FNH:0
FNDA:0,(anonymous_0)
FNDA:0,(anonymous_1)
FNDA:0,(anonymous_2)
FNDA:0,(anonymous_3)
FNDA:0,(anonymous_4)
FNDA:0,(anonymous_5)
DA:19,1
DA:29,0
DA:66,0
DA:78,0
DA:84,0
DA:85,0
DA:122,0
DA:129,0
LF:8
LH:1
BRDA:121,0,0,0
BRDA:121,0,1,0
BRDA:121,1,0,0
BRDA:121,1,1,0
BRDA:121,1,2,0
BRF:5
BRH:0
end_of_record
TN:
SF:src/components/Login.tsx
FN:20,(anonymous_0)
FN:39,(anonymous_1)
FN:58,(anonymous_2)
FN:74,(anonymous_3)
FN:84,(anonymous_4)
FN:103,(anonymous_5)
FNF:6
FNH:1
FNDA:1,(anonymous_0)
FNDA:0,(anonymous_1)
FNDA:0,(anonymous_2)
FNDA:0,(anonymous_3)
FNDA:0,(anonymous_4)
FNDA:0,(anonymous_5)
DA:20,1
DA:22,1
DA:24,1
DA:25,1
DA:27,1
DA:39,0
DA:58,0
DA:74,0
DA:84,0
DA:103,0
LF:10
LH:5
BRDA:22,0,0,0
BRDA:22,0,1,1
BRDA:43,1,0,1
BRDA:43,1,1,0
BRDA:48,2,0,0
BRDA:48,2,1,1
BRDA:62,3,0,1
BRDA:62,3,1,0
BRDA:67,4,0,0
BRDA:67,4,1,1
BRF:10
BRH:5
end_of_record
TN:
SF:src/components/NavigationPopup.tsx
FN:14,(anonymous_0)
FNF:1
FNH:0
FNDA:0,(anonymous_0)
DA:14,1
DA:16,0
LF:2
LH:1
BRDA:48,0,0,0
BRDA:48,0,1,0
BRDA:48,1,0,0
BRDA:48,1,1,0
BRDA:55,2,0,0
BRDA:55,2,1,0
BRDA:55,3,0,0
BRDA:55,3,1,0
BRF:8
BRH:0
end_of_record
TN:
SF:src/components/Profile.tsx
FN:22,(anonymous_0)
FN:47,(anonymous_1)
FN:61,(anonymous_2)
FN:76,(anonymous_3)
FN:88,(anonymous_4)
FN:94,(anonymous_5)
FN:105,(anonymous_6)
FNF:7
FNH:1
FNDA:1,(anonymous_0)
FNDA:0,(anonymous_1)
FNDA:0,(anonymous_2)
FNDA:0,(anonymous_3)
FNDA:0,(anonymous_4)
FNDA:0,(anonymous_5)
FNDA:0,(anonymous_6)
DA:22,1
DA:24,1
DA:26,1
DA:27,1
DA:29,1
DA:47,0
DA:61,0
DA:76,0
DA:88,0
DA:94,0
DA:105,0
LF:11
LH:5
BRDA:24,0,0,0
BRDA:24,0,1,1
BRDA:54,1,0,0
BRDA:54,1,1,1
BRDA:69,2,0,0
BRDA:69,2,1,1
BRF:6
BRH:3
end_of_record
TN:
SF:src/components/Register.tsx
FN:24,(anonymous_0)
FN:40,(anonymous_1)
FN:54,(anonymous_2)
FN:68,(anonymous_3)
FN:80,(anonymous_4)
FN:92,(anonymous_5)
FNF:6
FNH:1
FNDA:1,(anonymous_0)
FNDA:0,(anonymous_1)
FNDA:0,(anonymous_2)
FNDA:0,(anonymous_3)
FNDA:0,(anonymous_4)
FNDA:0,(anonymous_5)
DA:24,1
DA:26,1
DA:27,1
DA:29,1
DA:40,0
DA:54,0
DA:68,0
DA:80,0
DA:92,0
LF:9
LH:4
BRDA:44,0,0,0
BRDA:44,0,1,1
BRDA:58,1,0,0
BRDA:58,1,1,1
BRDA:73,2,0,0
BRDA:73,2,1,1
BRF:6
BRH:3
end_of_record
TN:
SF:src/components/Safeplace.tsx
FN:25,(anonymous_0)
FN:44,(anonymous_1)
FN:52,(anonymous_2)
FN:69,(anonymous_3)
FN:81,(anonymous_4)
FN:90,(anonymous_5)
FN:100,(anonymous_6)
FN:111,(anonymous_7)
FN:118,(anonymous_8)
FNF:9
FNH:0
FNDA:0,(anonymous_0)
FNDA:0,(anonymous_1)
FNDA:0,(anonymous_2)
FNDA:0,(anonymous_3)
FNDA:0,(anonymous_4)
FNDA:0,(anonymous_5)
FNDA:0,(anonymous_6)
FNDA:0,(anonymous_7)
FNDA:0,(anonymous_8)
DA:25,1
DA:27,0
DA:28,0
DA:30,0
DA:44,0
DA:53,0
DA:69,0
DA:81,0
DA:90,0
DA:100,0
DA:111,0
DA:119,0
DA:120,0
LF:13
LH:1
BRDA:50,0,0,0
BRDA:50,0,1,0
BRDA:50,0,2,0
BRDA:52,1,0,0
BRDA:52,1,1,0
BRDA:111,2,0,0
BRDA:111,2,1,0
BRDA:118,3,0,0
BRDA:118,3,1,0
BRDA:118,3,2,0
BRDA:119,4,0,0
BRDA:119,4,1,0
BRF:12
BRH:0
end_of_record
TN:
SF:src/components/SavedPlaces.tsx
FN:44,(anonymous_0)
FN:55,(anonymous_1)
FN:60,(anonymous_2)
FN:63,(anonymous_3)
FN:78,(anonymous_4)
FN:96,(anonymous_5)
FN:113,(anonymous_6)
FN:126,(anonymous_7)
FN:133,(anonymous_8)
FN:138,(anonymous_9)
FN:141,(anonymous_10)
FN:163,(anonymous_11)
FN:177,(anonymous_12)
FN:194,(anonymous_13)
FNF:14
FNH:1
FNDA:1,(anonymous_0)
FNDA:0,(anonymous_1)
FNDA:0,(anonymous_2)
FNDA:0,(anonymous_3)
FNDA:0,(anonymous_4)
FNDA:0,(anonymous_5)
FNDA:0,(anonymous_6)
FNDA:0,(anonymous_7)
FNDA:0,(anonymous_8)
FNDA:0,(anonymous_9)
FNDA:0,(anonymous_10)
FNDA:0,(anonymous_11)
FNDA:0,(anonymous_12)
FNDA:0,(anonymous_13)
DA:44,1
DA:46,1
DA:47,1
DA:49,1
DA:55,0
DA:61,0
DA:64,0
DA:78,0
DA:97,0
DA:98,0
DA:99,0
DA:100,0
DA:101,0
DA:102,0
DA:103,0
DA:114,0
DA:127,0
DA:128,0
DA:133,0
DA:139,0
DA:141,0
DA:164,0
DA:178,0
DA:179,0
DA:181,0
DA:195,0
LF:26
LH:4
BRDA:60,0,0,1
BRDA:60,0,1,1
BRDA:60,0,2,0
BRDA:106,1,0,0
BRDA:106,1,1,1
BRDA:106,2,0,1
BRDA:106,2,1,1
BRDA:106,2,2,0
BRDA:107,3,0,0
BRDA:107,3,1,1
BRDA:107,4,0,1
BRDA:107,4,1,1
BRDA:107,4,2,0
BRDA:136,5,0,1
BRDA:136,5,1,0
BRDA:137,6,0,0
BRDA:137,6,1,0
BRDA:137,7,0,0
BRDA:137,7,1,0
BRDA:137,8,0,0
BRDA:137,8,1,0
BRDA:137,9,0,0
BRDA:137,9,1,0
BRDA:137,9,2,0
BRDA:138,10,0,0
BRDA:138,10,1,0
BRDA:138,10,2,0
BRDA:156,11,0,1
BRDA:156,11,1,1
BRDA:178,12,0,0
BRDA:178,12,1,0
BRDA:178,13,0,0
BRDA:178,13,1,0
BRDA:178,13,2,0
BRDA:187,14,0,0
BRDA:187,14,1,1
BRDA:187,15,0,1
BRDA:187,15,1,1
BRDA:187,15,2,0
BRF:39
BRH:14
end_of_record
TN:
SF:src/components/index.ts
FNF:0
FNH:0
LF:0
LH:0
BRF:0
BRH:0
end_of_record
TN:
SF:src/components/generic/Button.tsx
FN:13,(anonymous_0)
FNF:1
FNH:1
FNDA:9,(anonymous_0)
DA:13,1
DA:14,9
LF:2
LH:2
BRF:0
BRH:0
end_of_record
TN:
SF:src/components/generic/HorizontalLine.tsx
FN:12,(anonymous_0)
FNF:1
FNH:1
FNDA:2,(anonymous_0)
DA:12,1
DA:13,2
LF:2
LH:2
BRF:0
BRH:0
end_of_record
TN:
SF:src/components/generic/Text.tsx
FN:12,(anonymous_0)
FNF:1
FNH:1
FNDA:28,(anonymous_0)
DA:12,1
DA:13,28
LF:2
LH:2
BRF:0
BRH:0
end_of_record
TN:
SF:src/components/generic/TextInput.tsx
FN:12,(anonymous_0)
FNF:1
FNH:1
FNDA:15,(anonymous_0)
DA:12,1
DA:13,15
LF:2
LH:2
BRF:0
BRH:0
end_of_record
TN:
SF:src/containers/ChangePWD.tsx
FN:9,(anonymous_0)
FN:18,onSubmit
FN:30,(anonymous_2)
FN:34,(anonymous_3)
FN:47,checkPassword
FNF:5
FNH:1
FNDA:1,(anonymous_0)
FNDA:0,onSubmit
FNDA:0,(anonymous_2)
FNDA:0,(anonymous_3)
FNDA:0,checkPassword
DA:9,1
DA:11,1
DA:12,1
DA:13,1
DA:14,1
DA:15,1
DA:16,1
DA:19,0
DA:20,0
DA:22,0
DA:24,0
DA:25,0
DA:26,0
DA:28,0
DA:29,0
DA:31,0
DA:32,0
DA:35,0
DA:36,0
DA:39,0
DA:48,0
DA:49,0
DA:51,0
DA:52,0
DA:54,0
DA:58,1
LF:26
LH:8
BRDA:20,0,0,0
BRDA:20,0,1,0
BRDA:24,1,0,0
BRDA:24,1,1,0
BRDA:24,2,0,0
BRDA:24,2,1,0
BRDA:49,3,0,0
BRDA:49,3,1,0
BRDA:51,4,0,0
BRDA:51,4,1,0
BRF:10
BRH:0
end_of_record
TN:
SF:src/containers/ConfirmRoute.tsx
FN:30,(anonymous_0)
FN:44,(anonymous_1)
FN:54,(anonymous_2)
FN:58,(anonymous_3)
FN:77,(anonymous_4)
FN:85,(anonymous_5)
FN:93,(anonymous_6)
FN:101,(anonymous_7)
FN:109,(anonymous_8)
FN:113,(anonymous_9)
FN:120,(anonymous_10)
FN:126,(anonymous_11)
FN:131,(anonymous_12)
FN:135,(anonymous_13)
FN:137,(anonymous_14)
FN:140,(anonymous_15)
FN:149,(anonymous_16)
FN:168,(anonymous_17)
FNF:18
FNH:0
FNDA:0,(anonymous_0)
FNDA:0,(anonymous_1)
FNDA:0,(anonymous_2)
FNDA:0,(anonymous_3)
FNDA:0,(anonymous_4)
FNDA:0,(anonymous_5)
FNDA:0,(anonymous_6)
FNDA:0,(anonymous_7)
FNDA:0,(anonymous_8)
FNDA:0,(anonymous_9)
FNDA:0,(anonymous_10)
FNDA:0,(anonymous_11)
FNDA:0,(anonymous_12)
FNDA:0,(anonymous_13)
FNDA:0,(anonymous_14)
FNDA:0,(anonymous_15)
FNDA:0,(anonymous_16)
FNDA:0,(anonymous_17)
DA:30,1
DA:38,0
DA:39,0
DA:40,0
DA:41,0
DA:42,0
DA:44,0
DA:45,0
DA:46,0
DA:47,0
DA:49,0
DA:50,0
DA:54,0
DA:55,0
DA:57,0
DA:59,0
DA:60,0
DA:65,0
DA:67,0
DA:68,0
DA:69,0
DA:70,0
DA:74,0
DA:77,0
DA:78,0
DA:85,0
DA:86,0
DA:93,0
DA:94,0
DA:101,0
DA:102,0
DA:109,0
DA:110,0
DA:113,0
DA:114,0
DA:115,0
DA:116,0
DA:117,0
DA:120,0
DA:121,0
DA:122,0
DA:123,0
DA:126,0
DA:127,0
DA:128,0
DA:131,0
DA:132,0
DA:135,0
DA:136,0
DA:138,0
DA:139,0
DA:141,0
DA:149,0
DA:150,0
DA:151,0
DA:153,0
DA:154,0
DA:159,0
DA:160,0
DA:165,0
DA:167,0
DA:169,0
DA:170,0
DA:171,0
DA:172,0
DA:177,0
LF:66
LH:1
BRDA:45,0,0,0
BRDA:45,0,1,0
BRDA:55,1,0,0
BRDA:55,1,1,0
BRDA:55,2,0,0
BRDA:55,2,1,0
BRDA:55,2,2,0
BRDA:55,2,3,0
BRDA:59,3,0,0
BRDA:59,3,1,0
BRDA:59,4,0,0
BRDA:59,4,1,0
BRDA:59,4,2,0
BRDA:69,5,0,0
BRDA:69,5,1,0
BRDA:165,6,0,0
BRDA:165,6,1,0
BRDA:165,7,0,0
BRDA:165,7,1,0
BRDA:165,7,2,0
BRDA:165,7,3,0
BRDA:171,8,0,0
BRDA:171,8,1,0
BRF:23
BRH:0
end_of_record
TN:
SF:src/containers/ForgotPWD.tsx
FN:9,(anonymous_0)
FN:17,onSubmit
FN:26,(anonymous_2)
FN:34,(anonymous_3)
FN:41,checkEmail
FNF:5
FNH:1
FNDA:1,(anonymous_0)
FNDA:0,onSubmit
FNDA:0,(anonymous_2)
FNDA:0,(anonymous_3)
FNDA:0,checkEmail
DA:9,1
DA:11,1
DA:12,1
DA:13,1
DA:14,1
DA:18,0
DA:19,0
DA:21,0
DA:23,0
DA:24,0
DA:25,0
DA:27,0
DA:28,0
DA:32,0
DA:35,0
DA:36,0
DA:42,0
DA:43,0
DA:45,0
DA:46,0
DA:48,0
DA:52,1
LF:22
LH:6
BRDA:19,0,0,0
BRDA:19,0,1,0
BRDA:23,1,0,0
BRDA:23,1,1,0
BRDA:43,2,0,0
BRDA:43,2,1,0
BRDA:45,3,0,0
BRDA:45,3,1,0
BRF:8
BRH:0
end_of_record
TN:
SF:src/containers/Home.tsx
FN:21,(anonymous_0)
FN:27,(anonymous_1)
FN:45,(anonymous_2)
FN:49,(anonymous_3)
FN:55,(anonymous_4)
FN:62,(anonymous_5)
FN:84,(anonymous_6)
FN:89,(anonymous_7)
FN:94,(anonymous_8)
FN:98,(anonymous_9)
FN:102,(anonymous_10)
FN:111,(anonymous_11)
FN:116,(anonymous_12)
FN:117,(anonymous_13)
FN:128,(anonymous_14)
FN:135,(anonymous_15)
FN:139,(anonymous_16)
FN:153,(anonymous_17)
FN:155,(anonymous_18)
FN:162,(anonymous_19)
FN:167,(anonymous_20)
FN:171,(anonymous_21)
FN:188,(anonymous_22)
FN:190,(anonymous_23)
FN:192,(anonymous_24)
FN:196,(anonymous_25)
FN:201,(anonymous_26)
FN:206,(anonymous_27)
FN:210,(anonymous_28)
FN:215,(anonymous_29)
FNF:30
FNH:1
FNDA:2,(anonymous_0)
FNDA:0,(anonymous_1)
FNDA:0,(anonymous_2)
FNDA:0,(anonymous_3)
FNDA:0,(anonymous_4)
FNDA:0,(anonymous_5)
FNDA:0,(anonymous_6)
FNDA:0,(anonymous_7)
FNDA:0,(anonymous_8)
FNDA:0,(anonymous_9)
FNDA:0,(anonymous_10)
FNDA:0,(anonymous_11)
FNDA:0,(anonymous_12)
FNDA:0,(anonymous_13)
FNDA:0,(anonymous_14)
FNDA:0,(anonymous_15)
FNDA:0,(anonymous_16)
FNDA:0,(anonymous_17)
FNDA:0,(anonymous_18)
FNDA:0,(anonymous_19)
FNDA:0,(anonymous_20)
FNDA:0,(anonymous_21)
FNDA:0,(anonymous_22)
FNDA:0,(anonymous_23)
FNDA:0,(anonymous_24)
FNDA:0,(anonymous_25)
FNDA:0,(anonymous_26)
FNDA:0,(anonymous_27)
FNDA:0,(anonymous_28)
FNDA:0,(anonymous_29)
DA:21,1
DA:23,2
DA:24,1
DA:25,1
DA:26,0
DA:27,0
DA:28,0
DA:29,0
DA:30,0
DA:31,0
DA:32,0
DA:33,0
DA:34,0
DA:35,0
DA:36,0
DA:37,0
DA:38,0
DA:41,0
DA:42,0
DA:43,0
DA:45,0
DA:46,0
DA:47,0
DA:48,0
DA:50,0
DA:51,0
DA:52,0
DA:53,0
DA:56,0
DA:62,0
DA:63,0
DA:64,0
DA:71,0
DA:72,0
DA:84,0
DA:85,0
DA:86,0
DA:89,0
DA:90,0
DA:92,0
DA:93,0
DA:95,0
DA:96,0
DA:97,0
DA:99,0
DA:103,0
DA:108,0
DA:110,0
DA:112,0
DA:116,0
DA:117,0
DA:119,0
DA:120,0
DA:121,0
DA:124,0
DA:129,0
DA:130,0
DA:135,0
DA:138,0
DA:140,0
DA:144,0
DA:145,0
DA:146,0
DA:147,0
DA:148,0
DA:149,0
DA:153,0
DA:154,0
DA:156,0
DA:157,0
DA:159,0
DA:163,0
DA:167,0
DA:168,0
DA:171,0
DA:172,0
DA:188,0
DA:189,0
DA:191,0
DA:193,0
DA:194,0
DA:195,0
DA:197,0
DA:198,0
DA:199,0
DA:202,0
DA:203,0
DA:207,0
DA:211,0
DA:215,0
DA:216,0
DA:217,0
DA:219,0
DA:220,0
DA:223,0
LF:95
LH:4
BRDA:46,0,0,0
BRDA:46,0,1,0
BRDA:47,1,0,0
BRDA:47,1,1,0
BRDA:47,2,0,0
BRDA:47,2,1,0
BRDA:63,3,0,0
BRDA:63,3,1,0
BRDA:71,4,0,0
BRDA:71,4,1,0
BRDA:85,5,0,0
BRDA:85,5,1,0
BRDA:92,6,0,0
BRDA:92,6,1,0
BRDA:92,7,0,0
BRDA:92,7,1,0
BRDA:120,8,0,0
BRDA:120,8,1,0
BRDA:156,9,0,0
BRDA:156,9,1,0
BRF:20
BRH:0
end_of_record
TN:
SF:src/containers/InputAddress.tsx
FN:21,(anonymous_0)
FN:39,(anonymous_1)
FN:45,(anonymous_2)
FN:50,(anonymous_3)
FN:54,(anonymous_4)
FN:62,(anonymous_5)
FN:71,(anonymous_6)
FN:85,(anonymous_7)
FN:90,(anonymous_8)
FN:93,(anonymous_9)
FNF:10
FNH:0
FNDA:0,(anonymous_0)
FNDA:0,(anonymous_1)
FNDA:0,(anonymous_2)
FNDA:0,(anonymous_3)
FNDA:0,(anonymous_4)
FNDA:0,(anonymous_5)
FNDA:0,(anonymous_6)
FNDA:0,(anonymous_7)
FNDA:0,(anonymous_8)
FNDA:0,(anonymous_9)
DA:17,1
DA:21,1
DA:38,0
DA:39,0
DA:40,0
DA:41,0
DA:42,0
DA:43,0
DA:45,0
DA:46,0
DA:47,0
DA:50,0
DA:51,0
DA:54,0
DA:55,0
DA:56,0
DA:57,0
DA:59,0
DA:60,0
DA:61,0
DA:63,0
DA:69,0
DA:70,0
DA:72,0
DA:79,0
DA:80,0
DA:81,0
DA:85,0
DA:86,0
DA:87,0
DA:88,0
DA:89,0
DA:91,0
DA:94,0
DA:99,0
LF:35
LH:2
BRDA:46,0,0,0
BRDA:46,0,1,0
BRDA:55,1,0,0
BRDA:55,1,1,0
BRDA:55,2,0,0
BRDA:55,2,1,0
BRDA:56,3,0,0
BRDA:56,3,1,0
BRDA:59,4,0,0
BRDA:59,4,1,0
BRDA:86,5,0,0
BRDA:86,5,1,0
BRDA:86,6,0,0
BRDA:86,6,1,0
BRF:14
BRH:0
end_of_record
TN:
SF:src/containers/Login.tsx
FN:13,(anonymous_0)
FN:15,(anonymous_1)
FN:24,onLogin
FN:39,goToRegister
FN:43,goToForgetPWD
FN:47,checkEmail
FN:58,checkPassword
FN:69,(anonymous_7)
FN:72,(anonymous_8)
FN:83,(anonymous_9)
FN:98,(anonymous_10)
FNF:11
FNH:4
FNDA:1,(anonymous_0)
FNDA:1,(anonymous_1)
FNDA:0,onLogin
FNDA:0,goToRegister
FNDA:0,goToForgetPWD
FNDA:0,checkEmail
FNDA:0,checkPassword
FNDA:1,(anonymous_7)
FNDA:0,(anonymous_8)
FNDA:0,(anonymous_9)
FNDA:1,(anonymous_10)
DA:13,1
DA:14,1
DA:15,1
DA:16,1
DA:17,1
DA:18,1
DA:19,1
DA:20,1
DA:21,1
DA:22,1
DA:25,0
DA:26,0
DA:27,0
DA:29,0
DA:30,0
DA:33,0
DA:34,0
DA:35,0
DA:40,0
DA:44,0
DA:48,0
DA:49,0
DA:51,0
DA:52,0
DA:54,0
DA:59,0
DA:60,0
DA:62,0
DA:63,0
DA:65,0
DA:69,1
DA:70,1
DA:72,0
DA:73,0
DA:74,0
DA:75,0
DA:76,0
DA:78,0
DA:81,0
DA:83,0
DA:84,0
DA:85,0
DA:86,0
DA:87,0
DA:89,0
DA:94,1
DA:95,1
DA:98,1
DA:99,1
DA:100,0
DA:101,0
DA:102,0
DA:110,1
LF:53
LH:17
BRDA:26,0,0,0
BRDA:26,0,1,0
BRDA:27,1,0,0
BRDA:27,1,1,0
BRDA:33,2,0,0
BRDA:33,2,1,0
BRDA:33,3,0,0
BRDA:33,3,1,0
BRDA:49,4,0,0
BRDA:49,4,1,0
BRDA:51,5,0,0
BRDA:51,5,1,0
BRDA:60,6,0,0
BRDA:60,6,1,0
BRDA:62,7,0,0
BRDA:62,7,1,0
BRDA:70,8,0,0
BRDA:70,8,1,1
BRDA:73,9,0,0
BRDA:73,9,1,0
BRDA:73,10,0,0
BRDA:73,10,1,0
BRDA:81,11,0,0
BRDA:81,11,1,0
BRDA:84,12,0,0
BRDA:84,12,1,0
BRDA:99,13,0,0
BRDA:99,13,1,1
BRDA:99,14,0,1
BRDA:99,14,1,0
BRDA:99,14,2,0
BRF:31
BRH:3
end_of_record
TN:
SF:src/containers/NavigationPopup.tsx
FN:26,(anonymous_0)
FN:32,(anonymous_1)
FN:34,(anonymous_2)
FN:52,(anonymous_3)
FN:73,(anonymous_4)
FN:78,(anonymous_5)
FN:80,(anonymous_6)
FN:87,(anonymous_7)
FN:108,(anonymous_8)
FNF:9
FNH:0
FNDA:0,(anonymous_0)
FNDA:0,(anonymous_1)
FNDA:0,(anonymous_2)
FNDA:0,(anonymous_3)
FNDA:0,(anonymous_4)
FNDA:0,(anonymous_5)
FNDA:0,(anonymous_6)
FNDA:0,(anonymous_7)
FNDA:0,(anonymous_8)
DA:26,1
DA:27,0
DA:28,0
DA:29,0
DA:30,0
DA:31,0
DA:32,0
DA:34,0
DA:35,0
DA:36,0
DA:38,0
DA:39,0
DA:40,0
DA:44,0
DA:47,0
DA:48,0
DA:50,0
DA:51,0
DA:53,0
DA:54,0
DA:65,0
DA:67,0
DA:69,0
DA:73,0
DA:74,0
DA:75,0
DA:77,0
DA:79,0
DA:80,0
DA:81,0
DA:83,0
DA:86,0
DA:88,0
DA:90,0
DA:91,0
DA:92,0
DA:103,0
DA:104,0
DA:108,0
DA:109,0
DA:110,0
DA:115,0
DA:116,0
DA:124,0
LF:44
LH:1
BRDA:35,0,0,0
BRDA:35,0,1,0
BRDA:35,1,0,0
BRDA:35,1,1,0
BRDA:35,1,2,0
BRDA:35,1,3,0
BRDA:35,1,4,0
BRDA:38,2,0,0
BRDA:38,2,1,0
BRDA:47,3,0,0
BRDA:47,3,1,0
BRDA:50,4,0,0
BRDA:50,4,1,0
BRDA:74,5,0,0
BRDA:74,5,1,0
BRDA:74,6,0,0
BRDA:74,6,1,0
BRDA:74,6,2,0
BRDA:74,6,3,0
BRDA:90,7,0,0
BRDA:90,7,1,0
BRDA:90,8,0,0
BRDA:90,8,1,0
BRDA:90,8,2,0
BRDA:90,8,3,0
BRDA:109,9,0,0
BRDA:109,9,1,0
BRDA:115,10,0,0
BRDA:115,10,1,0
BRF:29
BRH:0
end_of_record
TN:
SF:src/containers/Profile.tsx
FN:11,(anonymous_0)
FN:14,(anonymous_1)
FN:22,(anonymous_2)
FN:31,onSubmit
FN:50,(anonymous_4)
FN:60,(anonymous_5)
FN:67,checkPassword
FN:75,checkEmail
FN:86,onDelete
FN:88,(anonymous_9)
FN:92,(anonymous_10)
FNF:11
FNH:2
FNDA:1,(anonymous_0)
FNDA:1,(anonymous_1)
FNDA:0,(anonymous_2)
FNDA:0,onSubmit
FNDA:0,(anonymous_4)
FNDA:0,(anonymous_5)
FNDA:0,checkPassword
FNDA:0,checkEmail
FNDA:0,onDelete
FNDA:0,(anonymous_9)
FNDA:0,(anonymous_10)
DA:11,1
DA:13,1
DA:14,1
DA:15,1
DA:16,1
DA:17,1
DA:18,1
DA:19,1
DA:20,1
DA:22,1
DA:23,0
DA:24,0
DA:25,0
DA:27,0
DA:32,0
DA:33,0
DA:34,0
DA:36,0
DA:37,0
DA:39,0
DA:40,0
DA:43,0
DA:44,0
DA:47,0
DA:48,0
DA:49,0
DA:51,0
DA:55,0
DA:56,0
DA:57,0
DA:58,0
DA:61,0
DA:62,0
DA:68,0
DA:69,0
DA:71,0
DA:76,0
DA:77,0
DA:79,0
DA:80,0
DA:82,0
DA:87,0
DA:89,0
DA:90,0
DA:93,0
DA:97,1
LF:46
LH:11
BRDA:33,0,0,0
BRDA:33,0,1,0
BRDA:34,1,0,0
BRDA:34,1,1,0
BRDA:34,2,0,0
BRDA:34,2,1,0
BRDA:39,3,0,0
BRDA:39,3,1,0
BRDA:39,4,0,0
BRDA:39,4,1,0
BRDA:43,5,0,0
BRDA:43,5,1,0
BRDA:43,6,0,0
BRDA:43,6,1,0
BRDA:47,7,0,0
BRDA:47,7,1,0
BRDA:47,8,0,0
BRDA:47,8,1,0
BRDA:68,9,0,0
BRDA:68,9,1,0
BRDA:77,10,0,0
BRDA:77,10,1,0
BRDA:79,11,0,0
BRDA:79,11,1,0
BRF:24
BRH:0
end_of_record
TN:
SF:src/containers/Register.tsx
FN:9,(anonymous_0)
FN:11,(anonymous_1)
FN:21,onRegister
FN:41,checkEmail
FN:52,checkPassword
FN:63,checkUsername
FN:74,(anonymous_6)
FNF:7
FNH:3
FNDA:1,(anonymous_0)
FNDA:1,(anonymous_1)
FNDA:0,onRegister
FNDA:0,checkEmail
FNDA:0,checkPassword
FNDA:0,checkUsername
FNDA:1,(anonymous_6)
DA:9,1
DA:10,1
DA:11,1
DA:12,1
DA:13,1
DA:14,1
DA:15,1
DA:16,1
DA:17,1
DA:18,1
DA:19,1
DA:22,0
DA:23,0
DA:24,0
DA:25,0
DA:27,0
DA:28,0
DA:29,0
DA:31,0
DA:32,0
DA:35,0
DA:36,0
DA:37,0
DA:42,0
DA:43,0
DA:45,0
DA:46,0
DA:48,0
DA:53,0
DA:54,0
DA:56,0
DA:57,0
DA:59,0
DA:64,0
DA:65,0
DA:67,0
DA:68,0
DA:70,0
DA:74,1
DA:75,1
DA:76,0
DA:77,0
DA:81,1
LF:43
LH:14
BRDA:23,0,0,0
BRDA:23,0,1,0
BRDA:24,1,0,0
BRDA:24,1,1,0
BRDA:25,2,0,0
BRDA:25,2,1,0
BRDA:31,3,0,0
BRDA:31,3,1,0
BRDA:31,4,0,0
BRDA:31,4,1,0
BRDA:35,5,0,0
BRDA:35,5,1,0
BRDA:35,6,0,0
BRDA:35,6,1,0
BRDA:35,6,2,0
BRDA:35,6,3,0
BRDA:43,7,0,0
BRDA:43,7,1,0
BRDA:45,8,0,0
BRDA:45,8,1,0
BRDA:54,9,0,0
BRDA:54,9,1,0
BRDA:56,10,0,0
BRDA:56,10,1,0
BRDA:65,11,0,0
BRDA:65,11,1,0
BRDA:67,12,0,0
BRDA:67,12,1,0
BRDA:75,13,0,0
BRDA:75,13,1,1
BRDA:75,14,0,1
BRDA:75,14,1,1
BRF:32
BRH:3
end_of_record
TN:
SF:src/containers/Safeplace.tsx
FN:11,(anonymous_0)
FN:18,(anonymous_1)
FN:23,(anonymous_2)
FN:27,(anonymous_3)
FN:30,(anonymous_4)
FN:34,(anonymous_5)
FN:43,(anonymous_6)
FN:45,(anonymous_7)
FN:48,(anonymous_8)
FN:52,(anonymous_9)
FNF:10
FNH:0
FNDA:0,(anonymous_0)
FNDA:0,(anonymous_1)
FNDA:0,(anonymous_2)
FNDA:0,(anonymous_3)
FNDA:0,(anonymous_4)
FNDA:0,(anonymous_5)
FNDA:0,(anonymous_6)
FNDA:0,(anonymous_7)
FNDA:0,(anonymous_8)
FNDA:0,(anonymous_9)
DA:11,1
DA:13,0
DA:14,0
DA:15,0
DA:16,0
DA:17,0
DA:18,0
DA:19,0
DA:20,0
DA:21,0
DA:23,0
DA:24,0
DA:25,0
DA:26,0
DA:28,0
DA:29,0
DA:31,0
DA:35,0
DA:36,0
DA:39,0
DA:43,0
DA:44,0
DA:46,0
DA:47,0
DA:49,0
DA:53,0
DA:54,0
DA:58,0
LF:28
LH:1
BRDA:25,0,0,0
BRDA:25,0,1,0
BRF:2
BRH:0
end_of_record
TN:
SF:src/containers/SavedPlaces.tsx
FN:30,(anonymous_0)
FN:33,(anonymous_1)
FN:45,(anonymous_2)
FN:47,(anonymous_3)
FN:50,(anonymous_4)
FN:55,(anonymous_5)
FN:63,(anonymous_6)
FN:65,(anonymous_7)
FN:68,(anonymous_8)
FN:74,(anonymous_9)
FN:76,(anonymous_10)
FN:79,(anonymous_11)
FN:85,(anonymous_12)
FN:87,(anonymous_13)
FN:98,(anonymous_14)
FN:104,(anonymous_15)
FN:106,(anonymous_16)
FN:118,(anonymous_17)
FN:124,(anonymous_18)
FN:126,(anonymous_19)
FN:137,(anonymous_20)
FN:142,(anonymous_21)
FN:144,(anonymous_22)
FN:147,(anonymous_23)
FN:152,(anonymous_24)
FNF:25
FNH:3
FNDA:1,(anonymous_0)
FNDA:1,(anonymous_1)
FNDA:1,(anonymous_2)
FNDA:0,(anonymous_3)
FNDA:0,(anonymous_4)
FNDA:0,(anonymous_5)
FNDA:0,(anonymous_6)
FNDA:0,(anonymous_7)
FNDA:0,(anonymous_8)
FNDA:0,(anonymous_9)
FNDA:0,(anonymous_10)
FNDA:0,(anonymous_11)
FNDA:0,(anonymous_12)
FNDA:0,(anonymous_13)
FNDA:0,(anonymous_14)
FNDA:0,(anonymous_15)
FNDA:0,(anonymous_16)
FNDA:0,(anonymous_17)
FNDA:0,(anonymous_18)
FNDA:0,(anonymous_19)
FNDA:0,(anonymous_20)
FNDA:0,(anonymous_21)
FNDA:0,(anonymous_22)
FNDA:0,(anonymous_23)
FNDA:0,(anonymous_24)
DA:19,1
DA:30,1
DA:32,1
DA:33,1
DA:34,1
DA:35,1
DA:36,1
DA:37,1
DA:38,1
DA:39,1
DA:40,1
DA:41,1
DA:42,1
DA:43,1
DA:45,1
DA:46,1
DA:48,0
DA:51,0
DA:52,0
DA:55,1
DA:56,0
DA:57,0
DA:58,0
DA:59,0
DA:63,1
DA:64,0
DA:66,0
DA:69,0
DA:70,0
DA:74,1
DA:75,0
DA:77,0
DA:80,0
DA:81,0
DA:85,1
DA:86,0
DA:88,0
DA:89,0
DA:90,0
DA:91,0
DA:92,0
DA:93,0
DA:94,0
DA:95,0
DA:96,0
DA:99,0
DA:100,0
DA:104,1
DA:105,0
DA:107,0
DA:108,0
DA:109,0
DA:110,0
DA:111,0
DA:112,0
DA:113,0
DA:114,0
DA:115,0
DA:119,0
DA:120,0
DA:124,1
DA:125,0
DA:127,0
DA:128,0
DA:129,0
DA:130,0
DA:131,0
DA:132,0
DA:133,0
DA:134,0
DA:135,0
DA:138,0
DA:142,1
DA:143,0
DA:145,0
DA:148,0
DA:152,1
DA:153,0
DA:156,1
LF:79
LH:25
BRF:0
BRH:0
end_of_record
TN:
SF:src/containers/index.ts
FNF:0
FNH:0
LF:0
LH:0
BRF:0
BRH:0
end_of_record
TN:
SF:src/redux/index.ts
FNF:0
FNH:0
LF:0
LH:0
BRF:0
BRH:0
end_of_record
TN:
SF:src/redux/store.ts
FNF:0
FNH:0
DA:7,1
DA:13,1
DA:15,1
DA:20,1
LF:4
LH:4
BRF:0
BRH:0
end_of_record
TN:
SF:src/redux/reducers/index.ts
FNF:0
FNH:0
DA:4,1
LF:1
LH:1
BRF:0
BRH:0
end_of_record
TN:
SF:src/redux/reducers/user.reducers.ts
FN:41,(anonymous_0)
FN:50,(anonymous_1)
FN:58,(anonymous_2)
FN:70,(anonymous_3)
FN:71,(anonymous_4)
FN:77,(anonymous_5)
FN:78,(anonymous_6)
FN:81,(anonymous_7)
FN:88,(anonymous_8)
FN:91,(anonymous_9)
FN:94,(anonymous_10)
FN:101,(anonymous_11)
FN:104,(anonymous_12)
FNF:13
FNH:1
FNDA:0,(anonymous_0)
FNDA:0,(anonymous_1)
FNDA:0,(anonymous_2)
FNDA:0,(anonymous_3)
FNDA:0,(anonymous_4)
FNDA:1,(anonymous_5)
FNDA:0,(anonymous_6)
FNDA:0,(anonymous_7)
FNDA:0,(anonymous_8)
FNDA:0,(anonymous_9)
FNDA:0,(anonymous_10)
FNDA:0,(anonymous_11)
FNDA:0,(anonymous_12)
DA:21,1
DA:39,1
DA:42,0
DA:44,0
DA:48,1
DA:51,0
DA:52,0
DA:56,1
DA:59,0
DA:62,0
DA:66,1
DA:70,0
DA:72,0
DA:73,0
DA:78,1
DA:79,0
DA:81,1
DA:82,0
DA:83,0
DA:84,0
DA:85,0
DA:86,0
DA:88,1
DA:89,0
DA:91,1
DA:92,0
DA:94,1
DA:95,0
DA:96,0
DA:97,0
DA:98,0
DA:99,0
DA:101,1
DA:102,0
DA:104,1
DA:105,0
DA:106,0
DA:107,0
DA:108,0
DA:109,0
DA:110,0
DA:111,0
DA:116,1
LF:43
LH:13
BRDA:72,0,0,0
BRDA:72,0,1,0
BRF:2
BRH:0
end_of_record
TN:
SF:src/services/google.services.ts
FN:5,getPlaces
FN:17,getCoords
FN:23,getReverseCoords
FN:29,getDirection
FN:35,getPlacesSearch
FN:41,getDirections
FNF:6
FNH:0
FNDA:0,getPlaces
FNDA:0,getCoords
FNDA:0,getReverseCoords
FNDA:0,getDirection
FNDA:0,getPlacesSearch
FNDA:0,getDirections
DA:6,0
DA:7,0
DA:9,0
DA:11,0
DA:13,0
DA:18,0
DA:20,0
DA:24,0
DA:26,0
DA:30,0
DA:32,0
DA:36,0
DA:38,0
DA:42,0
DA:44,0
DA:47,1
LF:16
LH:1
BRDA:6,0,0,0
BRDA:6,0,1,0
BRDA:6,1,0,0
BRDA:6,1,1,0
BRF:4
BRH:0
end_of_record
TN:
SF:src/services/index.ts
FNF:0
FNH:0
LF:0
LH:0
BRF:0
BRH:0
end_of_record
TN:
SF:src/services/safeplace.services.ts
FN:6,getSafeplace
FN:12,getSafeplaceId
FN:18,setCommentSafeplace
FN:25,getCommentSafeplace
FN:31,getRecurringPlaces
FN:37,deleteRecurringPlace
FN:43,editRecurringPlace
FN:55,createRecurringPlace
FN:68,getSafeplaceNearest
FN:81,getWaypoints
FN:85,(anonymous_10)
FN:87,(anonymous_11)
FNF:12
FNH:1
FNDA:0,getSafeplace
FNDA:0,getSafeplaceId
FNDA:0,setCommentSafeplace
FNDA:0,getCommentSafeplace
FNDA:1,getRecurringPlaces
FNDA:0,deleteRecurringPlace
FNDA:0,editRecurringPlace
FNDA:0,createRecurringPlace
FNDA:0,getSafeplaceNearest
FNDA:0,getWaypoints
FNDA:0,(anonymous_10)
FNDA:0,(anonymous_11)
DA:7,0
DA:9,0
DA:13,0
DA:15,0
DA:20,0
DA:22,0
DA:26,0
DA:28,0
DA:32,1
DA:34,0
DA:38,0
DA:40,0
DA:44,0
DA:52,0
DA:56,0
DA:65,0
DA:69,0
DA:77,0
DA:82,0
DA:83,0
DA:85,0
DA:86,0
DA:87,0
DA:88,0
DA:95,0
DA:100,0
DA:103,1
LF:27
LH:2
BRF:0
BRH:0
end_of_record
TN:
SF:src/services/user.services.ts
FN:7,login
FN:23,register
FN:34,forgotPassword
FN:40,changePassword
FN:46,updateUser
FN:72,getUser
FN:78,deleteUser
FNF:7
FNH:0
FNDA:0,login
FNDA:0,register
FNDA:0,forgotPassword
FNDA:0,changePassword
FNDA:0,updateUser
FNDA:0,getUser
FNDA:0,deleteUser
DA:14,0
DA:20,0
DA:24,0
DA:31,0
DA:35,0
DA:37,0
DA:41,0
DA:43,0
DA:47,0
DA:49,0
DA:50,0
DA:54,0
DA:55,0
DA:59,0
DA:60,0
DA:67,0
DA:69,0
DA:73,0
DA:75,0
DA:79,0
DA:81,0
DA:84,1
LF:22
LH:1
BRDA:49,0,0,0
BRDA:49,0,1,0
BRDA:49,1,0,0
BRDA:49,1,1,0
BRDA:54,2,0,0
BRDA:54,2,1,0
BRDA:54,3,0,0
BRDA:54,3,1,0
BRDA:59,4,0,0
BRDA:59,4,1,0
BRDA:59,5,0,0
BRDA:59,5,1,0
BRF:12
BRH:0
end_of_record
TN:
SF:src/styles/index.ts
FNF:0
FNH:0
LF:0
LH:0
BRF:0
BRH:0
end_of_record
TN:
SF:src/styles/styles.ts
FNF:0
FNH:0
DA:5,1
DA:24,1
DA:26,1
DA:61,1
LF:4
LH:4
BRF:0
BRH:0
end_of_record
TN:
SF:src/utils/constraints.ts
FNF:0
FNH:0
DA:1,1
LF:1
LH:1
BRF:0
BRH:0
end_of_record
TN:
SF:src/utils/hooks.ts
FN:5,(anonymous_0)
FNF:1
FNH:1
FNDA:3,(anonymous_0)
DA:4,1
DA:5,3
LF:2
LH:2
BRF:0
BRH:0
end_of_record
TN:
SF:src/utils/isAppLaunched.ts
FNF:0
FNH:0
DA:2,1
LF:1
LH:1
BRF:0
BRH:0
end_of_record
TN:
SF:src/utils/utils.ts
FN:1,(anonymous_0)
FNF:1
FNH:0
FNDA:0,(anonymous_0)
DA:1,1
DA:2,0
DA:3,0
DA:4,0
DA:5,0
DA:7,0
LF:6
LH:1
BRF:0
BRH:0
end_of_record
TN:
SF:types/general.ts
FNF:0
FNH:0
LF:0
LH:0
BRF:0
BRH:0
end_of_record
